{"links": {"self": {"href": "data/repositories/osrf/gazebo/pullrequests/1770/comments/8051191.json"}, "html": {"href": "#!/osrf/gazebo/pull-requests/1770/_/diff#comment-8051191"}}, "parent": {"id": 8050869, "links": {"self": {"href": "data/repositories/osrf/gazebo/pullrequests/1770/comments/8050869.json"}, "html": {"href": "#!/osrf/gazebo/pull-requests/1770/_/diff#comment-8050869"}}}, "deleted": false, "pullrequest": {"type": "pullrequest", "id": 1770, "links": {"self": {"href": "data/repositories/osrf/gazebo/pullrequests/1770.json"}, "html": {"href": "#!/osrf/gazebo/pull-requests/1770"}}, "title": "PIMPL-ize DART classes"}, "content": {"raw": "Actually, there is one failing test, [UNIT_ImagesView_TEST.xml.<init>](http://build.osrfoundation.org/job/gazebo-any_dart4-devel-trusty-amd64-gpu-nvidia/73/testReport/UNIT_ImagesView_TEST/xml/_init_/). This test was passed on my Ubuntu 15.04 but Jenkins complains as:\n```\ntest 123\n        Start 123: UNIT_ImagesView_TEST\n\n123: Test command: /var/lib/jenkins/workspace/gazebo-any_dart4-devel-trusty-amd64-gpu-nvidia/build/gazebo/gui/viewers/UNIT_ImagesView_TEST \"-xml\" \"-o\" \"/var/lib/jenkins/workspace/gazebo-any_dart4-devel-trusty-amd64-gpu-nvidia/build/test_results/UNIT_ImagesView_TEST.xml\"\n123: Test timeout computed to be: 240\n123: SharePercentChange[0.68052] ShareMaxPercentChange[1]\n123: ResPercentChange[1.31297]ResMaxPercentChange[3]\n123: UNIT_ImagesView_TEST: /usr/include/boost/thread/pthread/mutex.hpp:108: boost::mutex::~mutex(): Assertion `!posix::pthread_mutex_destroy(&m)' failed.\n123: SharePercentChange[0.000270577] ShareMaxPercentChange[1]\n123: ResPercentChange[0.328223]ResMaxPercentChange[3]\n123/184 Test #123: UNIT_ImagesView_TEST ...................***Exception: Other 76.83 sec\n```", "markup": "markdown", "html": "<p>Actually, there is one failing test, <a data-is-external-link=\"true\" href=\"http://build.osrfoundation.org/job/gazebo-any_dart4-devel-trusty-amd64-gpu-nvidia/73/testReport/UNIT_ImagesView_TEST/xml/_init_/\" rel=\"nofollow\">UNIT_ImagesView_TEST.xml.&lt;init&gt;</a>. This test was passed on my Ubuntu 15.04 but Jenkins complains as:</p>\n<div class=\"codehilite\"><pre><span></span>test 123\n        Start 123: UNIT_ImagesView_TEST\n\n123: Test command: /var/lib/jenkins/workspace/gazebo-any_dart4-devel-trusty-amd64-gpu-nvidia/build/gazebo/gui/viewers/UNIT_ImagesView_TEST &quot;-xml&quot; &quot;-o&quot; &quot;/var/lib/jenkins/workspace/gazebo-any_dart4-devel-trusty-amd64-gpu-nvidia/build/test_results/UNIT_ImagesView_TEST.xml&quot;\n123: Test timeout computed to be: 240\n123: SharePercentChange[0.68052] ShareMaxPercentChange[1]\n123: ResPercentChange[1.31297]ResMaxPercentChange[3]\n123: UNIT_ImagesView_TEST: /usr/include/boost/thread/pthread/mutex.hpp:108: boost::mutex::~mutex(): Assertion `!posix::pthread_mutex_destroy(&amp;m)&#39; failed.\n123: SharePercentChange[0.000270577] ShareMaxPercentChange[1]\n123: ResPercentChange[0.328223]ResMaxPercentChange[3]\n123/184 Test #123: UNIT_ImagesView_TEST ...................***Exception: Other 76.83 sec\n</pre></div>", "type": "rendered"}, "created_on": "2015-07-06T23:53:29.666466+00:00", "user": {"display_name": "Jeongseok Lee", "uuid": "{3907b560-aed7-43bd-bfa9-fd9873322291}", "links": {"self": {"href": "https://api.bitbucket.org/2.0/users/%7B3907b560-aed7-43bd-bfa9-fd9873322291%7D"}, "html": {"href": "https://bitbucket.org/%7B3907b560-aed7-43bd-bfa9-fd9873322291%7D/"}, "avatar": {"href": "data/secure.gravatar.com/avatar/242819b368397b2b4cddf273b2ba9bf8d=httpsavatar-management--avatars.us-west-2.prod.public.atl-paas.netinitialsJL-0.png"}}, "nickname": "jlee02", "type": "user", "account_id": "557058:e3fbdece-a1d8-4fb6-a9f1-236ecb09bd9d"}, "updated_on": "2015-07-06T23:53:29.671535+00:00", "type": "pullrequest_comment", "id": 8051191}