{"links": {"self": {"href": "data/repositories/osrf/gazebo/issues/1399/comments/14653436.json"}, "html": {"href": "#!/osrf/gazebo/issues/1399#comment-14653436"}}, "issue": {"links": {"self": {"href": "data/repositories/osrf/gazebo/issues/1399.json"}}, "type": "issue", "id": 1399, "repository": {"links": {"self": {"href": "data/repositories/osrf/gazebo.json"}, "html": {"href": "#!/osrf/gazebo"}, "avatar": {"href": "data/bytebucket.org/ravatar/{51a0cd5d-8697-4eb1-8b08-e919ee881e1c}ts=1694483"}}, "type": "repository", "name": "gazebo", "full_name": "osrf/gazebo", "uuid": "{51a0cd5d-8697-4eb1-8b08-e919ee881e1c}"}, "title": "Build fails with Boost 1.57"}, "content": {"raw": "Still error at branch gazebo_1.9 which is used on OS X homebrew environment.\nI rebuilt sdformat using hg (branch: sdf_2.0).\n\nWhat should I do to build successfly?\n\nThis is log of building gazebo (this is part of it because of long log.)\n\n```bash\n4270:usr/local/Cellar/boost/1.57.0/include/boost/type_traits/detail/has_binary_operator.hp:50: Parse error at \"BOOST_JOIN\"\n4271:make[2]: *** [gazebo/gui/moc_QTestFixture.cxx] Error 1\n4272-make[2]: *** Waiting for unfinished jobs....\n4273-/Applications/Xcode.app/Contents/Developer/usr/bin/make -f gazebo/gui/CMakeFiles/UNIT_MainWindow_TEST.dir/build.make gazebo/gui/CMakeFiles/UNIT_MainWindow_TEST.dir/depend\n4274:usr/local/Cellar/boost/1.57.0/include/boost/type_traits/detail/has_binary_operator.hp:50: Parse error at \"BOOST_JOIN\"\n4275:make[2]: *** [gazebo/gui/moc_DataLogger_TEST.cxx] Error 1\n4276-/usr/local/Cellar/cmake/3.1.0/bin/cmake -E cmake_progress_report /tmp/gazebo-gJy7n5/build/CMakeFiles\n4277:make[1]: *** [gazebo/gui/CMakeFiles/UNIT_DataLogger_TEST.dir/all] Error 2\n4278-make[1]: /usr/local/Cellar/cmake/3.1.0/bin/cmake -E cmake_progress_report /tmp/gazebo-gJy7n5/build/CMakeFiles\n4279-*** Waiting for unfinished jobs....\n--\n4290-[ 97%] Generating moc_MainWindow_TEST.cxx\n4291-cd /tmp/gazebo-gJy7n5/build/gazebo/gui && /usr/local/Cellar/qt/4.8.6/bin/moc @/tmp/gazebo-gJy7n5/build/gazebo/gui/moc_MainWindow_TEST.cxx_parameters\n4292:usr/local/Cellar/boost/1.57.0/include/boost/type_traits/detail/has_binary_operator.hp:50: Parse error at \"BOOST_JOIN\"\n4293:make[2]: *** [gazebo/gui/moc_QTestFixture.cxx] Error 1\n4294-make[2]: *** Waiting for unfinished jobs....\n4295-/usr/local/Cellar/cmake/3.1.0/bin/cmake -E cmake_progress_report /tmp/gazebo-gJy7n5/build/CMakeFiles\n--\n4301-/usr/local/Cellar/cmake/3.1.0/bin/cmake -E cmake_progress_report /tmp/gazebo-gJy7n5/build/CMakeFiles\n4302-[ 97%] Built target SphereAtlasTestPlugin\n4303:usr/local/Cellar/boost/1.57.0/include/boost/type_traits/detail/has_binary_operator.hp:50: Parse error at \"BOOST_JOIN\"\n4304:make[2]: *** [gazebo/gui/moc_MainWindow_TEST.cxx] Error 1\n4305:make[1]: *** [gazebo/gui/CMakeFiles/UNIT_MainWindow_TEST.dir/all] Error 2\n4306-Linking CXX shared library libSpringTestPlugin.dylib\n4307-cd /tmp/gazebo-gJy7n5/build/plugins && /usr/local/Cellar/cmake/3.1.0/bin/cmake -E cmake_link_script CMakeFiles/SpringTestPlugin.dir/link.txt --verbose=1\n--\n4320-/usr/local/Cellar/cmake/3.1.0/bin/cmake -E cmake_progress_report /tmp/gazebo-gJy7n5/build/CMakeFiles\n4321-[ 97%] Built target gazebo\n4322:make: *** [all] Error 2\n```", "markup": "markdown", "html": "<p>Still error at branch gazebo_1.9 which is used on OS X homebrew environment.\nI rebuilt sdformat using hg (branch: sdf_2.0).</p>\n<p>What should I do to build successfly?</p>\n<p>This is log of building gazebo (this is part of it because of long log.)</p>\n<div class=\"codehilite language-bash\"><pre><span></span><span class=\"m\">4270</span>:usr/local/Cellar/boost/1.57.0/include/boost/type_traits/detail/has_binary_operator.hp:50: Parse error at <span class=\"s2\">&quot;BOOST_JOIN&quot;</span>\n<span class=\"m\">4271</span>:make<span class=\"o\">[</span><span class=\"m\">2</span><span class=\"o\">]</span>: *** <span class=\"o\">[</span>gazebo/gui/moc_QTestFixture.cxx<span class=\"o\">]</span> Error <span class=\"m\">1</span>\n<span class=\"m\">4272</span>-make<span class=\"o\">[</span><span class=\"m\">2</span><span class=\"o\">]</span>: *** Waiting <span class=\"k\">for</span> unfinished jobs....\n<span class=\"m\">4273</span>-/Applications/Xcode.app/Contents/Developer/usr/bin/make -f gazebo/gui/CMakeFiles/UNIT_MainWindow_TEST.dir/build.make gazebo/gui/CMakeFiles/UNIT_MainWindow_TEST.dir/depend\n<span class=\"m\">4274</span>:usr/local/Cellar/boost/1.57.0/include/boost/type_traits/detail/has_binary_operator.hp:50: Parse error at <span class=\"s2\">&quot;BOOST_JOIN&quot;</span>\n<span class=\"m\">4275</span>:make<span class=\"o\">[</span><span class=\"m\">2</span><span class=\"o\">]</span>: *** <span class=\"o\">[</span>gazebo/gui/moc_DataLogger_TEST.cxx<span class=\"o\">]</span> Error <span class=\"m\">1</span>\n<span class=\"m\">4276</span>-/usr/local/Cellar/cmake/3.1.0/bin/cmake -E cmake_progress_report /tmp/gazebo-gJy7n5/build/CMakeFiles\n<span class=\"m\">4277</span>:make<span class=\"o\">[</span><span class=\"m\">1</span><span class=\"o\">]</span>: *** <span class=\"o\">[</span>gazebo/gui/CMakeFiles/UNIT_DataLogger_TEST.dir/all<span class=\"o\">]</span> Error <span class=\"m\">2</span>\n<span class=\"m\">4278</span>-make<span class=\"o\">[</span><span class=\"m\">1</span><span class=\"o\">]</span>: /usr/local/Cellar/cmake/3.1.0/bin/cmake -E cmake_progress_report /tmp/gazebo-gJy7n5/build/CMakeFiles\n<span class=\"m\">4279</span>-*** Waiting <span class=\"k\">for</span> unfinished jobs....\n--\n<span class=\"m\">4290</span>-<span class=\"o\">[</span> <span class=\"m\">97</span>%<span class=\"o\">]</span> Generating moc_MainWindow_TEST.cxx\n<span class=\"m\">4291</span>-cd /tmp/gazebo-gJy7n5/build/gazebo/gui <span class=\"o\">&amp;&amp;</span> /usr/local/Cellar/qt/4.8.6/bin/moc @/tmp/gazebo-gJy7n5/build/gazebo/gui/moc_MainWindow_TEST.cxx_parameters\n<span class=\"m\">4292</span>:usr/local/Cellar/boost/1.57.0/include/boost/type_traits/detail/has_binary_operator.hp:50: Parse error at <span class=\"s2\">&quot;BOOST_JOIN&quot;</span>\n<span class=\"m\">4293</span>:make<span class=\"o\">[</span><span class=\"m\">2</span><span class=\"o\">]</span>: *** <span class=\"o\">[</span>gazebo/gui/moc_QTestFixture.cxx<span class=\"o\">]</span> Error <span class=\"m\">1</span>\n<span class=\"m\">4294</span>-make<span class=\"o\">[</span><span class=\"m\">2</span><span class=\"o\">]</span>: *** Waiting <span class=\"k\">for</span> unfinished jobs....\n<span class=\"m\">4295</span>-/usr/local/Cellar/cmake/3.1.0/bin/cmake -E cmake_progress_report /tmp/gazebo-gJy7n5/build/CMakeFiles\n--\n<span class=\"m\">4301</span>-/usr/local/Cellar/cmake/3.1.0/bin/cmake -E cmake_progress_report /tmp/gazebo-gJy7n5/build/CMakeFiles\n<span class=\"m\">4302</span>-<span class=\"o\">[</span> <span class=\"m\">97</span>%<span class=\"o\">]</span> Built target SphereAtlasTestPlugin\n<span class=\"m\">4303</span>:usr/local/Cellar/boost/1.57.0/include/boost/type_traits/detail/has_binary_operator.hp:50: Parse error at <span class=\"s2\">&quot;BOOST_JOIN&quot;</span>\n<span class=\"m\">4304</span>:make<span class=\"o\">[</span><span class=\"m\">2</span><span class=\"o\">]</span>: *** <span class=\"o\">[</span>gazebo/gui/moc_MainWindow_TEST.cxx<span class=\"o\">]</span> Error <span class=\"m\">1</span>\n<span class=\"m\">4305</span>:make<span class=\"o\">[</span><span class=\"m\">1</span><span class=\"o\">]</span>: *** <span class=\"o\">[</span>gazebo/gui/CMakeFiles/UNIT_MainWindow_TEST.dir/all<span class=\"o\">]</span> Error <span class=\"m\">2</span>\n<span class=\"m\">4306</span>-Linking CXX shared library libSpringTestPlugin.dylib\n<span class=\"m\">4307</span>-cd /tmp/gazebo-gJy7n5/build/plugins <span class=\"o\">&amp;&amp;</span> /usr/local/Cellar/cmake/3.1.0/bin/cmake -E cmake_link_script CMakeFiles/SpringTestPlugin.dir/link.txt --verbose<span class=\"o\">=</span><span class=\"m\">1</span>\n--\n<span class=\"m\">4320</span>-/usr/local/Cellar/cmake/3.1.0/bin/cmake -E cmake_progress_report /tmp/gazebo-gJy7n5/build/CMakeFiles\n<span class=\"m\">4321</span>-<span class=\"o\">[</span> <span class=\"m\">97</span>%<span class=\"o\">]</span> Built target gazebo\n<span class=\"m\">4322</span>:make: *** <span class=\"o\">[</span>all<span class=\"o\">]</span> Error <span class=\"m\">2</span>\n</pre></div>", "type": "rendered"}, "created_on": "2015-01-07T03:39:29.981452+00:00", "user": {"display_name": "Yuki Furuta", "uuid": "{d129e72e-2ce2-4d79-866d-84e334453e55}", "links": {"self": {"href": "https://api.bitbucket.org/2.0/users/%7Bd129e72e-2ce2-4d79-866d-84e334453e55%7D"}, "html": {"href": "https://bitbucket.org/%7Bd129e72e-2ce2-4d79-866d-84e334453e55%7D/"}, "avatar": {"href": "data/secure.gravatar.com/avatar/e9a033d36f99501a670a2fd504bbdbd4d=httpsavatar-management--avatars.us-west-2.prod.public.atl-paas.netinitialsYF-6.png"}}, "nickname": "furushchev", "type": "user", "account_id": "557058:f0479e8b-bed5-4316-9f20-53e41207e140"}, "updated_on": null, "type": "issue_comment", "id": 14653436}