{"links": {"self": {"href": "data/repositories/osrf/gazebo/pullrequests/1606/comments/6486203.json"}, "html": {"href": "#!/osrf/gazebo/pull-requests/1606/_/diff#comment-6486203"}}, "deleted": false, "pullrequest": {"type": "pullrequest", "id": 1606, "links": {"self": {"href": "data/repositories/osrf/gazebo/pullrequests/1606.json"}, "html": {"href": "#!/osrf/gazebo/pull-requests/1606"}}, "title": "Install server fixture for use outside of gazebo."}, "content": {"raw": "When I build the example I get:\n\n```\njackie@pol:~/code/gazebo/examples/stand_alone/test_fixture/build$ make -j8\nScanning dependencies of target test\nScanning dependencies of target gtest\n[ 33%] Building CXX object CMakeFiles/gtest.dir/gtest/src/gtest-all.cc.o\n[ 66%] Building CXX object CMakeFiles/test.dir/test.cc.o\nLinking CXX static library libgtest.a\n[ 66%] Built target gtest\nScanning dependencies of target gtest_main\n[100%] Building CXX object CMakeFiles/gtest_main.dir/gtest/src/gtest_main.cc.o\nLinking CXX static library libgtest_main.a\n[100%] Built target gtest_main\nLinking CXX executable test\n/usr/bin/ld: cannot find -lgtest\n/usr/bin/ld: cannot find -lgtest_main\ncollect2: error: ld returned 1 exit status\nmake[2]: *** [test] Error 1\nmake[1]: *** [CMakeFiles/test.dir/all] Error 2\nmake: *** [all] Error 2\n```", "markup": "markdown", "html": "<p>When I build the example I get:</p>\n<div class=\"codehilite\"><pre><span></span>jackie@pol:~/code/gazebo/examples/stand_alone/test_fixture/build$ make -j8\nScanning dependencies of target test\nScanning dependencies of target gtest\n[ 33%] Building CXX object CMakeFiles/gtest.dir/gtest/src/gtest-all.cc.o\n[ 66%] Building CXX object CMakeFiles/test.dir/test.cc.o\nLinking CXX static library libgtest.a\n[ 66%] Built target gtest\nScanning dependencies of target gtest_main\n[100%] Building CXX object CMakeFiles/gtest_main.dir/gtest/src/gtest_main.cc.o\nLinking CXX static library libgtest_main.a\n[100%] Built target gtest_main\nLinking CXX executable test\n/usr/bin/ld: cannot find -lgtest\n/usr/bin/ld: cannot find -lgtest_main\ncollect2: error: ld returned 1 exit status\nmake[2]: *** [test] Error 1\nmake[1]: *** [CMakeFiles/test.dir/all] Error 2\nmake: *** [all] Error 2\n</pre></div>", "type": "rendered"}, "created_on": "2015-04-25T00:12:56.707755+00:00", "user": {"display_name": "Jackie K", "uuid": "{e3d60b62-b7c7-4863-b9b9-cdae9f123cec}", "links": {"self": {"href": "https://api.bitbucket.org/2.0/users/%7Be3d60b62-b7c7-4863-b9b9-cdae9f123cec%7D"}, "html": {"href": "https://bitbucket.org/%7Be3d60b62-b7c7-4863-b9b9-cdae9f123cec%7D/"}, "avatar": {"href": "data/secure.gravatar.com/avatar/ea011fa2919d4bd4568b32b440eda779d=httpsavatar-management--avatars.us-west-2.prod.public.atl-paas.netinitialsJK-0.png"}}, "nickname": "jacquelinekay", "type": "user", "account_id": "557058:f56c822f-f75c-4665-80f9-6e7764893b9c"}, "updated_on": "2015-04-25T00:12:56.713127+00:00", "type": "pullrequest_comment", "id": 6486203}