{"links": {"self": {"href": "data/repositories/osrf/gazebo/pullrequests/1835/comments/8614379.json"}, "html": {"href": "#!/osrf/gazebo/pull-requests/1835/_/diff#comment-8614379"}}, "parent": {"id": 8610485, "links": {"self": {"href": "data/repositories/osrf/gazebo/pullrequests/1835/comments/8610485.json"}, "html": {"href": "#!/osrf/gazebo/pull-requests/1835/_/diff#comment-8610485"}}}, "deleted": false, "pullrequest": {"type": "pullrequest", "id": 1835, "links": {"self": {"href": "data/repositories/osrf/gazebo/pullrequests/1835.json"}, "html": {"href": "#!/osrf/gazebo/pull-requests/1835"}}, "title": "Hotkey chart"}, "content": {"raw": "fixed links:\n\n* [homebrew](http://build.osrfoundation.org/job/gazebo-any-devel-homebrew-amd64/413/)\n* [trusty nvidia](http://build.osrfoundation.org/job/gazebo-any-devel-trusty-amd64-gpu-nvidia/412/)\n\nit looks like homebrew has a [warning](http://build.osrfoundation.org/job/gazebo-any-devel-homebrew-amd64/413/warnings7Result/new/) and some failures of the examples build tests.\n\nAll the ubuntu builds are failing to find qt components in cmake:\n~~~\nCMake Error at /usr/share/cmake-2.8/Modules/FindPackageHandleStandardArgs.cmake:108 (message):\n  Could NOT find Qt4 (missing: QT_QTWEBKIT_INCLUDE_DIR QT_QTWEBKIT_LIBRARY)\n  (found version \"4.8.6\")\nCall Stack (most recent call first):\n  /usr/share/cmake-2.8/Modules/FindPackageHandleStandardArgs.cmake:315 (_FPHSA_FAILURE_MESSAGE)\n  /usr/share/cmake-2.8/Modules/FindQt4.cmake:1393 (FIND_PACKAGE_HANDLE_STANDARD_ARGS)\n  cmake/SearchForStuff.cmake:491 (find_package)\n  CMakeLists.txt:124 (include)\n~~~", "markup": "markdown", "html": "<p>fixed links:</p>\n<ul>\n<li><a data-is-external-link=\"true\" href=\"http://build.osrfoundation.org/job/gazebo-any-devel-homebrew-amd64/413/\" rel=\"nofollow\">homebrew</a></li>\n<li><a data-is-external-link=\"true\" href=\"http://build.osrfoundation.org/job/gazebo-any-devel-trusty-amd64-gpu-nvidia/412/\" rel=\"nofollow\">trusty nvidia</a></li>\n</ul>\n<p>it looks like homebrew has a <a data-is-external-link=\"true\" href=\"http://build.osrfoundation.org/job/gazebo-any-devel-homebrew-amd64/413/warnings7Result/new/\" rel=\"nofollow\">warning</a> and some failures of the examples build tests.</p>\n<p>All the ubuntu builds are failing to find qt components in cmake:</p>\n<div class=\"codehilite\"><pre><span></span>CMake Error at /usr/share/cmake-2.8/Modules/FindPackageHandleStandardArgs.cmake:108 (message):\n  Could NOT find Qt4 (missing: QT_QTWEBKIT_INCLUDE_DIR QT_QTWEBKIT_LIBRARY)\n  (found version &quot;4.8.6&quot;)\nCall Stack (most recent call first):\n  /usr/share/cmake-2.8/Modules/FindPackageHandleStandardArgs.cmake:315 (_FPHSA_FAILURE_MESSAGE)\n  /usr/share/cmake-2.8/Modules/FindQt4.cmake:1393 (FIND_PACKAGE_HANDLE_STANDARD_ARGS)\n  cmake/SearchForStuff.cmake:491 (find_package)\n  CMakeLists.txt:124 (include)\n</pre></div>", "type": "rendered"}, "created_on": "2015-07-29T06:41:00.325369+00:00", "user": {"display_name": "Steve Peters", "uuid": "{2ccfed09-18b8-4921-8d58-15ef01092802}", "links": {"self": {"href": "https://api.bitbucket.org/2.0/users/%7B2ccfed09-18b8-4921-8d58-15ef01092802%7D"}, "html": {"href": "https://bitbucket.org/%7B2ccfed09-18b8-4921-8d58-15ef01092802%7D/"}, "avatar": {"href": "data/secure.gravatar.com/avatar/1fb4816dad9e68337d3096f750951f6cd=httpsavatar-management--avatars.us-west-2.prod.public.atl-paas.netinitialsSP-1.png"}}, "nickname": "Steven Peters", "type": "user", "account_id": "557058:5de38267-b118-494c-aa76-4fab35448816"}, "updated_on": "2015-07-29T06:41:00.336209+00:00", "type": "pullrequest_comment", "id": 8614379}