{"priority": "major", "kind": "bug", "repository": {"links": {"self": {"href": "data/repositories/osrf/gazebo.json"}, "html": {"href": "#!/osrf/gazebo"}, "avatar": {"href": "data/bytebucket.org/ravatar/{51a0cd5d-8697-4eb1-8b08-e919ee881e1c}ts=1694483"}}, "type": "repository", "name": "gazebo", "full_name": "osrf/gazebo", "uuid": "{51a0cd5d-8697-4eb1-8b08-e919ee881e1c}"}, "links": {"attachments": {"href": "data/repositories/osrf/gazebo/issues/1396/attachments_page=1.json"}, "self": {"href": "data/repositories/osrf/gazebo/issues/1396.json"}, "watch": {"href": "https://api.bitbucket.org/2.0/repositories/osrf/gazebo/issues/1396/watch"}, "comments": {"href": "data/repositories/osrf/gazebo/issues/1396/comments_page=1.json"}, "html": {"href": "#!/osrf/gazebo/issues/1396/ogre-19-gz-tool-test-failures"}, "vote": {"href": "https://api.bitbucket.org/2.0/repositories/osrf/gazebo/issues/1396/vote"}}, "reporter": {"display_name": "Steve Peters", "uuid": "{2ccfed09-18b8-4921-8d58-15ef01092802}", "links": {"self": {"href": "https://api.bitbucket.org/2.0/users/%7B2ccfed09-18b8-4921-8d58-15ef01092802%7D"}, "html": {"href": "https://bitbucket.org/%7B2ccfed09-18b8-4921-8d58-15ef01092802%7D/"}, "avatar": {"href": "data/secure.gravatar.com/avatar/1fb4816dad9e68337d3096f750951f6cd=httpsavatar-management--avatars.us-west-2.prod.public.atl-paas.netinitialsSP-1.png"}}, "nickname": "Steven Peters", "type": "user", "account_id": "557058:5de38267-b118-494c-aa76-4fab35448816"}, "title": "Ogre 1.9: gz tool test failures", "component": {"name": "rendering::ogre_gazebo", "links": {"self": {"href": "data/repositories/osrf/gazebo/components/153568.json"}}}, "votes": 0, "watches": 2, "content": {"raw": "While testing pull request #1354 with `libogre-1.9-dev` on trusty, I've observed some odd test failures of the `gz` tool.\r\n\r\n`UNIT_gz_TEST` hangs:\r\n~~~\r\n$ tools/UNIT_gz_TEST\r\n[==========] Running 9 tests from 1 test case.\r\n[----------] Global test environment set-up.\r\n[----------] 9 tests from gzTest\r\n[ RUN      ] gzTest.Alive\r\n[       OK ] gzTest.Alive (129 ms)\r\n[ RUN      ] gzTest.Joint\r\n[Msg] Waiting for master.\r\n[Msg] Connected to gazebo master @ http://127.0.0.1:11345\r\n[Msg] Publicized address: 172.23.2.90\r\n[Err] [Node.cc:98] No namespace found\r\n^C^\\^C\r\n~~~\r\n\r\n`PERFORMANCE_gz_stress` also fails.\r\n~~~\r\n$ test/performance/PERFORMANCE_gz_stress \r\n[==========] Running 1 test from 1 test case.\r\n[----------] Global test environment set-up.\r\n[----------] 1 test from gzTest\r\n[ RUN      ] gzTest.Stress\r\n[Msg] Waiting for master.\r\n[Msg] Connected to gazebo master @ http://127.0.0.1:11345\r\n[Msg] Publicized address: 172.23.2.90\r\n[Err] [Node.cc:98] No namespace found\r\n/home/scpeters/ws/gazebo_simbody/src/gazebo/test/performance/gz_stress.cc:95: Failure\r\nExpected: (iters) < (20), actual: 20 vs 20\r\n/home/scpeters/ws/gazebo_simbody/src/gazebo/test/performance/gz_stress.cc:96: Failure\r\nValue of: !g_msgDebugOut.empty()\r\n  Actual: false\r\nExpected: true\r\n/home/scpeters/ws/gazebo_simbody/src/gazebo/test/performance/gz_stress.cc:159: Failure\r\nValue of: msg.DebugString()\r\n  Actual: \"reset {\\n  time_only: true\\n}\\n\"\r\nExpected: g_msgDebugOut\r\nWhich is: \"\"\r\n[  FAILED  ] gzTest.Stress (27935 ms)\r\n[----------] 1 test from gzTest (27935 ms total)\r\n\r\n[----------] Global test environment tear-down\r\n[==========] 1 test from 1 test case ran. (27935 ms total)\r\n[  PASSED  ] 0 tests.\r\n[  FAILED  ] 1 test, listed below:\r\n[  FAILED  ] gzTest.Stress\r\n\r\n 1 FAILED TEST\r\nPERFORMANCE_gz_stress: /usr/include/boost/thread/pthread/recursive_mutex.hpp:110: void boost::recursive_mutex::lock(): Assertion `!pthread_mutex_lock(&m)' failed.\r\nAborted (core dumped)\r\n~~~", "markup": "markdown", "html": "<p>While testing <a href=\"#!/osrf/gazebo/pull-requests/1354/ogre-19-support-remove-cegui-and-fix\" rel=\"nofollow\" class=\"ap-connect-link\">pull request #1354</a> with <code>libogre-1.9-dev</code> on trusty, I've observed some odd test failures of the <code>gz</code> tool.</p>\n<p><code>UNIT_gz_TEST</code> hangs:</p>\n<div class=\"codehilite\"><pre><span></span>$ tools/UNIT_gz_TEST\n<span class=\"o\">[==========]</span> Running <span class=\"m\">9</span> tests from <span class=\"m\">1</span> <span class=\"nb\">test</span> <span class=\"k\">case</span>.\n<span class=\"o\">[</span>----------<span class=\"o\">]</span> Global <span class=\"nb\">test</span> environment set-up.\n<span class=\"o\">[</span>----------<span class=\"o\">]</span> <span class=\"m\">9</span> tests from gzTest\n<span class=\"o\">[</span> RUN      <span class=\"o\">]</span> gzTest.Alive\n<span class=\"o\">[</span>       OK <span class=\"o\">]</span> gzTest.Alive <span class=\"o\">(</span><span class=\"m\">129</span> ms<span class=\"o\">)</span>\n<span class=\"o\">[</span> RUN      <span class=\"o\">]</span> gzTest.Joint\n<span class=\"o\">[</span>Msg<span class=\"o\">]</span> Waiting <span class=\"k\">for</span> master.\n<span class=\"o\">[</span>Msg<span class=\"o\">]</span> Connected to gazebo master @ http://127.0.0.1:11345\n<span class=\"o\">[</span>Msg<span class=\"o\">]</span> Publicized address: <span class=\"m\">172</span>.23.2.90\n<span class=\"o\">[</span>Err<span class=\"o\">]</span> <span class=\"o\">[</span>Node.cc:98<span class=\"o\">]</span> No namespace found\n^C^<span class=\"se\">\\^</span>C\n</pre></div>\n\n\n<p><code>PERFORMANCE_gz_stress</code> also fails.</p>\n<div class=\"codehilite\"><pre><span></span>$ test/performance/PERFORMANCE_gz_stress \n<span class=\"o\">[==========]</span> Running <span class=\"m\">1</span> <span class=\"nb\">test</span> from <span class=\"m\">1</span> <span class=\"nb\">test</span> <span class=\"k\">case</span>.\n<span class=\"o\">[</span>----------<span class=\"o\">]</span> Global <span class=\"nb\">test</span> environment set-up.\n<span class=\"o\">[</span>----------<span class=\"o\">]</span> <span class=\"m\">1</span> <span class=\"nb\">test</span> from gzTest\n<span class=\"o\">[</span> RUN      <span class=\"o\">]</span> gzTest.Stress\n<span class=\"o\">[</span>Msg<span class=\"o\">]</span> Waiting <span class=\"k\">for</span> master.\n<span class=\"o\">[</span>Msg<span class=\"o\">]</span> Connected to gazebo master @ http://127.0.0.1:11345\n<span class=\"o\">[</span>Msg<span class=\"o\">]</span> Publicized address: <span class=\"m\">172</span>.23.2.90\n<span class=\"o\">[</span>Err<span class=\"o\">]</span> <span class=\"o\">[</span>Node.cc:98<span class=\"o\">]</span> No namespace found\n/home/scpeters/ws/gazebo_simbody/src/gazebo/test/performance/gz_stress.cc:95: Failure\nExpected: <span class=\"o\">(</span>iters<span class=\"o\">)</span> &lt; <span class=\"o\">(</span><span class=\"m\">20</span><span class=\"o\">)</span>, actual: <span class=\"m\">20</span> vs <span class=\"m\">20</span>\n/home/scpeters/ws/gazebo_simbody/src/gazebo/test/performance/gz_stress.cc:96: Failure\nValue of: !g_msgDebugOut.empty<span class=\"o\">()</span>\n  Actual: <span class=\"nb\">false</span>\nExpected: <span class=\"nb\">true</span>\n/home/scpeters/ws/gazebo_simbody/src/gazebo/test/performance/gz_stress.cc:159: Failure\nValue of: msg.DebugString<span class=\"o\">()</span>\n  Actual: <span class=\"s2\">&quot;reset {\\n  time_only: true\\n}\\n&quot;</span>\nExpected: g_msgDebugOut\nWhich is: <span class=\"s2\">&quot;&quot;</span>\n<span class=\"o\">[</span>  FAILED  <span class=\"o\">]</span> gzTest.Stress <span class=\"o\">(</span><span class=\"m\">27935</span> ms<span class=\"o\">)</span>\n<span class=\"o\">[</span>----------<span class=\"o\">]</span> <span class=\"m\">1</span> <span class=\"nb\">test</span> from gzTest <span class=\"o\">(</span><span class=\"m\">27935</span> ms total<span class=\"o\">)</span>\n\n<span class=\"o\">[</span>----------<span class=\"o\">]</span> Global <span class=\"nb\">test</span> environment tear-down\n<span class=\"o\">[==========]</span> <span class=\"m\">1</span> <span class=\"nb\">test</span> from <span class=\"m\">1</span> <span class=\"nb\">test</span> <span class=\"k\">case</span> ran. <span class=\"o\">(</span><span class=\"m\">27935</span> ms total<span class=\"o\">)</span>\n<span class=\"o\">[</span>  PASSED  <span class=\"o\">]</span> <span class=\"m\">0</span> tests.\n<span class=\"o\">[</span>  FAILED  <span class=\"o\">]</span> <span class=\"m\">1</span> test, listed below:\n<span class=\"o\">[</span>  FAILED  <span class=\"o\">]</span> gzTest.Stress\n\n <span class=\"m\">1</span> FAILED TEST\nPERFORMANCE_gz_stress: /usr/include/boost/thread/pthread/recursive_mutex.hpp:110: void boost::recursive_mutex::lock<span class=\"o\">()</span>: Assertion <span class=\"sb\">`</span>!pthread_mutex_lock<span class=\"o\">(</span><span class=\"p\">&amp;</span>m<span class=\"o\">)</span><span class=\"err\">&#39;</span> failed.\nAborted <span class=\"o\">(</span>core dumped<span class=\"o\">)</span>\n</pre></div>", "type": "rendered"}, "assignee": null, "state": "on hold", "version": {"name": "all", "links": {"self": {"href": "data/repositories/osrf/gazebo/versions/225575.json"}}}, "edited_on": null, "created_on": "2014-12-20T01:07:14.499627+00:00", "milestone": null, "updated_on": "2016-09-14T19:24:58.281572+00:00", "type": "issue", "id": 1396}