{"priority": "major", "kind": "bug", "repository": {"links": {"self": {"href": "data/repositories/osrf/gazebo.json"}, "html": {"href": "#!/osrf/gazebo"}, "avatar": {"href": "data/bytebucket.org/ravatar/{51a0cd5d-8697-4eb1-8b08-e919ee881e1c}ts=1694483"}}, "type": "repository", "name": "gazebo", "full_name": "osrf/gazebo", "uuid": "{51a0cd5d-8697-4eb1-8b08-e919ee881e1c}"}, "links": {"attachments": {"href": "data/repositories/osrf/gazebo/issues/1972/attachments_page=1.json"}, "self": {"href": "data/repositories/osrf/gazebo/issues/1972.json"}, "watch": {"href": "https://api.bitbucket.org/2.0/repositories/osrf/gazebo/issues/1972/watch"}, "comments": {"href": "data/repositories/osrf/gazebo/issues/1972/comments_page=1.json"}, "html": {"href": "#!/osrf/gazebo/issues/1972/set_target_properties-issue-for-cmake-322"}, "vote": {"href": "https://api.bitbucket.org/2.0/repositories/osrf/gazebo/issues/1972/vote"}}, "reporter": {"display_name": "John Hsu", "uuid": "{0a186eae-abf0-4514-a951-23db5eccc286}", "links": {"self": {"href": "https://api.bitbucket.org/2.0/users/%7B0a186eae-abf0-4514-a951-23db5eccc286%7D"}, "html": {"href": "https://bitbucket.org/%7B0a186eae-abf0-4514-a951-23db5eccc286%7D/"}, "avatar": {"href": "https://avatar-management--avatars.us-west-2.prod.public.atl-paas.net/557058:f3968cd3-4910-4384-8349-482a6c7889ec/5445ce6e-6273-47f0-84eb-621c86ca11cb/128"}}, "nickname": "hsu", "type": "user", "account_id": "557058:f3968cd3-4910-4384-8349-482a6c7889ec"}, "title": "set_target_properties issue for cmake 3.2.2", "component": {"name": "build", "links": {"self": {"href": "data/repositories/osrf/gazebo/components/132954.json"}}}, "votes": 0, "watches": 1, "content": {"raw": "in cmake 3.2.2 I am getting this build failure:\r\n\r\n~~~\r\ngazebo/test/integration/model_editor_undo.cc: In member function \u2018void ModelEditorUndoTest::NestedModelInsertionByMouse()\u2019:\r\ngazebo/test/integration/model_editor_undo.cc:249:7: error: \u2018CMAKE_SOURCE_DIR\u2019 was not declared in this scope\r\n       CMAKE_SOURCE_DIR \"/test/models/testdb\");\r\n       ^\r\ngazebo/test/integration/model_editor_undo.cc: In member function \u2018void ModelEditorUndoTest::JointInsertionByDialog()\u2019:\r\ngazebo/test/integration/model_editor_undo.cc:461:7: error: \u2018CMAKE_SOURCE_DIR\u2019 was not declared in this scope\r\n       CMAKE_SOURCE_DIR \"/test/models/testdb\");\r\n~~~\r\n\r\nwhere [set_target_properties](#!/osrf/gazebo/src/fcc5126ea08d0d6a421f73103b58e9c22b39f979/test/integration/CMakeLists.txt?at=default&fileviewer=file-view-default#CMakeLists.txt-189) seems to be broken.\r\n", "markup": "markdown", "html": "<p>in cmake 3.2.2 I am getting this build failure:</p>\n<div class=\"codehilite\"><pre><span></span>gazebo/test/integration/model_editor_undo.cc: In member function \u2018void ModelEditorUndoTest::NestedModelInsertionByMouse()\u2019:\ngazebo/test/integration/model_editor_undo.cc:249:7: error: \u2018CMAKE_SOURCE_DIR\u2019 was not declared in this scope\n       CMAKE_SOURCE_DIR &quot;/test/models/testdb&quot;);\n       ^\ngazebo/test/integration/model_editor_undo.cc: In member function \u2018void ModelEditorUndoTest::JointInsertionByDialog()\u2019:\ngazebo/test/integration/model_editor_undo.cc:461:7: error: \u2018CMAKE_SOURCE_DIR\u2019 was not declared in this scope\n       CMAKE_SOURCE_DIR &quot;/test/models/testdb&quot;);\n</pre></div>\n\n\n<p>where <a data-is-external-link=\"true\" href=\"#!/osrf/gazebo/src/fcc5126ea08d0d6a421f73103b58e9c22b39f979/test/integration/CMakeLists.txt?at=default&amp;fileviewer=file-view-default#CMakeLists.txt-189\" rel=\"nofollow\">set_target_properties</a> seems to be broken.</p>", "type": "rendered"}, "assignee": null, "state": "closed", "version": {"name": "all", "links": {"self": {"href": "data/repositories/osrf/gazebo/versions/225575.json"}}}, "edited_on": null, "created_on": "2016-05-26T09:16:11.238000+00:00", "milestone": null, "updated_on": "2016-09-14T19:20:14.457564+00:00", "type": "issue", "id": 1972}