{"priority": "major", "kind": "bug", "repository": {"links": {"self": {"href": "data/repositories/osrf/gazebo.json"}, "html": {"href": "#!/osrf/gazebo"}, "avatar": {"href": "data/bytebucket.org/ravatar/{51a0cd5d-8697-4eb1-8b08-e919ee881e1c}ts=1694483"}}, "type": "repository", "name": "gazebo", "full_name": "osrf/gazebo", "uuid": "{51a0cd5d-8697-4eb1-8b08-e919ee881e1c}"}, "links": {"attachments": {"href": "data/repositories/osrf/gazebo/issues/2113/attachments_page=1.json"}, "self": {"href": "data/repositories/osrf/gazebo/issues/2113.json"}, "watch": {"href": "https://api.bitbucket.org/2.0/repositories/osrf/gazebo/issues/2113/watch"}, "comments": {"href": "data/repositories/osrf/gazebo/issues/2113/comments_page=1.json"}, "html": {"href": "#!/osrf/gazebo/issues/2113/tests-dont-compile-on-windows"}, "vote": {"href": "https://api.bitbucket.org/2.0/repositories/osrf/gazebo/issues/2113/vote"}}, "reporter": {"display_name": "Steve Peters", "uuid": "{2ccfed09-18b8-4921-8d58-15ef01092802}", "links": {"self": {"href": "https://api.bitbucket.org/2.0/users/%7B2ccfed09-18b8-4921-8d58-15ef01092802%7D"}, "html": {"href": "https://bitbucket.org/%7B2ccfed09-18b8-4921-8d58-15ef01092802%7D/"}, "avatar": {"href": "data/secure.gravatar.com/avatar/1fb4816dad9e68337d3096f750951f6cd=httpsavatar-management--avatars.us-west-2.prod.public.atl-paas.netinitialsSP-1.png"}}, "nickname": "Steven Peters", "type": "user", "account_id": "557058:5de38267-b118-494c-aa76-4fab35448816"}, "title": "Tests don't compile on windows", "component": {"name": "os::windows", "links": {"self": {"href": "data/repositories/osrf/gazebo/components/132650.json"}}}, "votes": 0, "watches": 1, "content": {"raw": "With the recent addition of `make tests`, I discovered that the tests don't all compile on windows:\r\n\r\n~~~\r\ngazebo\\math\\Helpers_TEST.cc(51) : error C2124: divide or mod by zero\r\njom: D:\\Jenkins\\workspace\\gazebo-ci-pr_any-windows7-amd64\\workspace\\gazebo\\build\\gazebo\\math\\CMakeFiles\\UNIT_Helpers_TEST.dir\\build.make [gazebo\\math\\CMakeFiles\\UNIT_Helpers_TEST.dir\\Helpers_TEST.cc.obj] Error 2\r\n~~~\r\n\r\n* http://build.osrfoundation.org/job/gazebo-ci-pr_any-windows7-amd64/1029/\r\n* http://build.osrfoundation.org/view/os_windows/job/gazebo-ci-default-windows7-amd64/431/", "markup": "markdown", "html": "<p>With the recent addition of <code>make tests</code>, I discovered that the tests don't all compile on windows:</p>\n<div class=\"codehilite\"><pre><span></span>gazebo\\math\\Helpers_TEST.cc(51) : error C2124: divide or mod by zero\njom: D:\\Jenkins\\workspace\\gazebo-ci-pr_any-windows7-amd64\\workspace\\gazebo\\build\\gazebo\\math\\CMakeFiles\\UNIT_Helpers_TEST.dir\\build.make [gazebo\\math\\CMakeFiles\\UNIT_Helpers_TEST.dir\\Helpers_TEST.cc.obj] Error 2\n</pre></div>\n\n\n<ul>\n<li><a href=\"http://build.osrfoundation.org/job/gazebo-ci-pr_any-windows7-amd64/1029/\" rel=\"nofollow\" class=\"ap-connect-link\">http://build.osrfoundation.org/job/gazebo-ci-pr_any-windows7-amd64/1029/</a></li>\n<li><a href=\"http://build.osrfoundation.org/view/os_windows/job/gazebo-ci-default-windows7-amd64/431/\" rel=\"nofollow\" class=\"ap-connect-link\">http://build.osrfoundation.org/view/os_windows/job/gazebo-ci-default-windows7-amd64/431/</a></li>\n</ul>", "type": "rendered"}, "assignee": null, "state": "resolved", "version": null, "edited_on": null, "created_on": "2016-12-15T22:49:01.315466+00:00", "milestone": null, "updated_on": "2019-03-27T18:14:05.307997+00:00", "type": "issue", "id": 2113}