{"priority": "major", "kind": "bug", "repository": {"links": {"self": {"href": "data/repositories/osrf/gazebo.json"}, "html": {"href": "#!/osrf/gazebo"}, "avatar": {"href": "data/bytebucket.org/ravatar/{51a0cd5d-8697-4eb1-8b08-e919ee881e1c}ts=1694483"}}, "type": "repository", "name": "gazebo", "full_name": "osrf/gazebo", "uuid": "{51a0cd5d-8697-4eb1-8b08-e919ee881e1c}"}, "links": {"attachments": {"href": "data/repositories/osrf/gazebo/issues/2498/attachments_page=1.json"}, "self": {"href": "data/repositories/osrf/gazebo/issues/2498.json"}, "watch": {"href": "https://api.bitbucket.org/2.0/repositories/osrf/gazebo/issues/2498/watch"}, "comments": {"href": "data/repositories/osrf/gazebo/issues/2498/comments_page=1.json"}, "html": {"href": "#!/osrf/gazebo/issues/2498/sdf-installation-gives-error"}, "vote": {"href": "https://api.bitbucket.org/2.0/repositories/osrf/gazebo/issues/2498/vote"}}, "reporter": null, "title": "SDF installation gives error", "component": {"name": "build", "links": {"self": {"href": "data/repositories/osrf/gazebo/components/132954.json"}}}, "votes": 0, "watches": null, "content": {"raw": "```\r\n~/sdf_source/sdformat/build$ make -j4[ 41%] Built target gtest\r\n\r\n[ 41%] Built target sdformat\r\n[ 41%] Built target gtest_main\r\n[ 41%] Linking CXX executable INTEGRATION_disable_fixed_joint_reduction\r\n[ 41%] Linking CXX executable INTEGRATION_fixed_joint_reduction\r\n[ 41%] Linking CXX executable INTEGRATION_audio\r\n[ 41%] Linking CXX executable INTEGRATION_force_torque_sensor\r\n\r\n../../src/libsdformat.so.2.2.2: undefined reference to `boost::re_detail::cpp_regex_traits_implementation<char>::transform_primary[abi:cxx11](char const*, char const*) const'\r\n../../src/libsdformat.so.2.2.2: undefined reference to `boost::re_detail::cpp_regex_traits_implementation<char>::transform[abi:cxx11](char const*, char const*) const'\r\ncollect2: error: ld returned 1 exit status\r\ntest/integration/CMakeFiles/INTEGRATION_audio.dir/build.make:100: recipe for target 'test/integration/INTEGRATION_audio' failed\r\nmake[2]: *** [test/integration/INTEGRATION_audio] Error 1\r\nCMakeFiles/Makefile2:353: recipe for target 'test/integration/CMakeFiles/INTEGRATION_audio.dir/all' failed\r\nmake[1]: *** [test/integration/CMakeFiles/INTEGRATION_audio.dir/all] Error 2\r\nmake[1]: *** Waiting for unfinished jobs....\r\n../../src/libsdformat.so.2.2.2: undefined reference to `boost::re_detail::.cpp_regex_traits_implementation<.char/>.:.:/transform_primarysrc[/abilibsdformat.so.2.2.2::cxx11 ]undefined( charreference  constto* ,` boostchar: :constre_detail*:): cpp_regex_traits_implementationconst<'char\r\n>.:.:/transform_primary.[.abi/:src.cxx11/].libsdformat.so.2.2.2(/:char.  .undefinedconst/ *srcreference,/  libsdformat.so.2.2.2tochar:   const`undefined*boost ):reference :const re_detailto' :\r\n`:.boostcpp_regex_traits_implementation.<:/char.:>.re_detail:/::src:transform/cpp_regex_traits_implementation[libsdformat.so.2.2.2<:abichar >:undefined:cxx11 ]:reference( transform_primarycharto [ const`abi*boost:,:cxx11 ]:char(re_detail charconst:* :)constcpp_regex_traits_implementation *<const,'char \r\n>char: :consttransform*[)abi :constcxx11']\r\n(.char. /const.*.,/ srcchar/ libsdformat.so.2.2.2const:* )undefined  constreference' \r\nto `boost::re_detail::cpp_regex_traits_implementation<char>::transform[abi:cxx11](char const*, charcollect2: error: ld returned 1 exit status\r\n const*) const'\r\ncollect2: error: ld returned 1 exit status\r\ncollect2: error: ld returned 1 exit status\r\ntest/integration/CMakeFiles/INTEGRATION_fixed_joint_reduction.dir/build.make:100: recipe for target 'test/integration/INTEGRATION_fixed_joint_reduction' failed\r\nmake[2]: *** [test/integration/INTEGRATION_fixed_joint_reduction] Error 1\r\ntest/integration/CMakeFiles/INTEGRATION_disable_fixed_joint_reduction.dir/build.make:100: recipe for target 'test/integration/INTEGRATION_disable_fixed_joint_reduction' failed\r\nmake[2]: *** [test/integration/INTEGRATION_disable_fixed_joint_reduction] Error 1\r\nCMakeFiles/Makefile2:236: recipe for target 'test/integration/CMakeFiles/INTEGRATION_fixed_joint_reduction.dir/all' failed\r\nmake[1]: *** [test/integration/CMakeFiles/INTEGRATION_fixed_joint_reduction.dir/all] Error 2\r\nCMakeFiles/Makefile2:275: recipe for target 'test/integration/CMakeFiles/INTEGRATION_disable_fixed_joint_reduction.dir/all' failed\r\nmake[1]: *** [test/integration/CMakeFiles/INTEGRATION_disable_fixed_joint_reduction.dir/all] Error 2\r\ntest/integration/CMakeFiles/INTEGRATION_force_torque_sensor.dir/build.make:100: recipe for target 'test/integration/INTEGRATION_force_torque_sensor' failed\r\nmake[2]: *** [test/integration/INTEGRATION_force_torque_sensor] Error 1\r\nCMakeFiles/Makefile2:314: recipe for target 'test/integration/CMakeFiles/INTEGRATION_force_torque_sensor.dir/all' failed\r\nmake[1]: *** [test/integration/CMakeFiles/INTEGRATION_force_torque_sensor.dir/all] Error 2\r\nMakefile:160: recipe for target 'all' failed\r\nmake: *** [all] Error 2\r\n```", "markup": "markdown", "html": "<div class=\"codehilite\"><pre><span></span>~/sdf_source/sdformat/build$ make -j4[ 41%] Built target gtest\n\n[ 41%] Built target sdformat\n[ 41%] Built target gtest_main\n[ 41%] Linking CXX executable INTEGRATION_disable_fixed_joint_reduction\n[ 41%] Linking CXX executable INTEGRATION_fixed_joint_reduction\n[ 41%] Linking CXX executable INTEGRATION_audio\n[ 41%] Linking CXX executable INTEGRATION_force_torque_sensor\n\n../../src/libsdformat.so.2.2.2: undefined reference to `boost::re_detail::cpp_regex_traits_implementation&lt;char&gt;::transform_primary[abi:cxx11](char const*, char const*) const&#39;\n../../src/libsdformat.so.2.2.2: undefined reference to `boost::re_detail::cpp_regex_traits_implementation&lt;char&gt;::transform[abi:cxx11](char const*, char const*) const&#39;\ncollect2: error: ld returned 1 exit status\ntest/integration/CMakeFiles/INTEGRATION_audio.dir/build.make:100: recipe for target &#39;test/integration/INTEGRATION_audio&#39; failed\nmake[2]: *** [test/integration/INTEGRATION_audio] Error 1\nCMakeFiles/Makefile2:353: recipe for target &#39;test/integration/CMakeFiles/INTEGRATION_audio.dir/all&#39; failed\nmake[1]: *** [test/integration/CMakeFiles/INTEGRATION_audio.dir/all] Error 2\nmake[1]: *** Waiting for unfinished jobs....\n../../src/libsdformat.so.2.2.2: undefined reference to `boost::re_detail::.cpp_regex_traits_implementation&lt;.char/&gt;.:.:/transform_primarysrc[/abilibsdformat.so.2.2.2::cxx11 ]undefined( charreference  constto* ,` boostchar: :constre_detail*:): cpp_regex_traits_implementationconst&lt;&#39;char\n&gt;.:.:/transform_primary.[.abi/:src.cxx11/].libsdformat.so.2.2.2(/:char.  .undefinedconst/ *srcreference,/  libsdformat.so.2.2.2tochar:   const`undefined*boost ):reference :const re_detailto&#39; :\n`:.boostcpp_regex_traits_implementation.&lt;:/char.:&gt;.re_detail:/::src:transform/cpp_regex_traits_implementation[libsdformat.so.2.2.2&lt;:abichar &gt;:undefined:cxx11 ]:reference( transform_primarycharto [ const`abi*boost:,:cxx11 ]:char(re_detail charconst:* :)constcpp_regex_traits_implementation *&lt;const,&#39;char \n&gt;char: :consttransform*[)abi :constcxx11&#39;]\n(.char. /const.*.,/ srcchar/ libsdformat.so.2.2.2const:* )undefined  constreference&#39; \nto `boost::re_detail::cpp_regex_traits_implementation&lt;char&gt;::transform[abi:cxx11](char const*, charcollect2: error: ld returned 1 exit status\n const*) const&#39;\ncollect2: error: ld returned 1 exit status\ncollect2: error: ld returned 1 exit status\ntest/integration/CMakeFiles/INTEGRATION_fixed_joint_reduction.dir/build.make:100: recipe for target &#39;test/integration/INTEGRATION_fixed_joint_reduction&#39; failed\nmake[2]: *** [test/integration/INTEGRATION_fixed_joint_reduction] Error 1\ntest/integration/CMakeFiles/INTEGRATION_disable_fixed_joint_reduction.dir/build.make:100: recipe for target &#39;test/integration/INTEGRATION_disable_fixed_joint_reduction&#39; failed\nmake[2]: *** [test/integration/INTEGRATION_disable_fixed_joint_reduction] Error 1\nCMakeFiles/Makefile2:236: recipe for target &#39;test/integration/CMakeFiles/INTEGRATION_fixed_joint_reduction.dir/all&#39; failed\nmake[1]: *** [test/integration/CMakeFiles/INTEGRATION_fixed_joint_reduction.dir/all] Error 2\nCMakeFiles/Makefile2:275: recipe for target &#39;test/integration/CMakeFiles/INTEGRATION_disable_fixed_joint_reduction.dir/all&#39; failed\nmake[1]: *** [test/integration/CMakeFiles/INTEGRATION_disable_fixed_joint_reduction.dir/all] Error 2\ntest/integration/CMakeFiles/INTEGRATION_force_torque_sensor.dir/build.make:100: recipe for target &#39;test/integration/INTEGRATION_force_torque_sensor&#39; failed\nmake[2]: *** [test/integration/INTEGRATION_force_torque_sensor] Error 1\nCMakeFiles/Makefile2:314: recipe for target &#39;test/integration/CMakeFiles/INTEGRATION_force_torque_sensor.dir/all&#39; failed\nmake[1]: *** [test/integration/CMakeFiles/INTEGRATION_force_torque_sensor.dir/all] Error 2\nMakefile:160: recipe for target &#39;all&#39; failed\nmake: *** [all] Error 2\n</pre></div>", "type": "rendered"}, "assignee": null, "state": "invalid", "version": {"name": "7.0", "links": {"self": {"href": "data/repositories/osrf/gazebo/versions/242744.json"}}}, "edited_on": null, "created_on": "2018-07-19T00:44:55.924023+00:00", "milestone": null, "updated_on": "2018-07-19T00:53:26.393933+00:00", "type": "issue", "id": 2498}