{"priority": "major", "kind": "bug", "repository": {"links": {"self": {"href": "data/repositories/osrf/gazebo.json"}, "html": {"href": "#!/osrf/gazebo"}, "avatar": {"href": "data/bytebucket.org/ravatar/{51a0cd5d-8697-4eb1-8b08-e919ee881e1c}ts=1694483"}}, "type": "repository", "name": "gazebo", "full_name": "osrf/gazebo", "uuid": "{51a0cd5d-8697-4eb1-8b08-e919ee881e1c}"}, "links": {"attachments": {"href": "data/repositories/osrf/gazebo/issues/627/attachments_page=1.json"}, "self": {"href": "data/repositories/osrf/gazebo/issues/627.json"}, "watch": {"href": "https://api.bitbucket.org/2.0/repositories/osrf/gazebo/issues/627/watch"}, "comments": {"href": "data/repositories/osrf/gazebo/issues/627/comments_page=1.json"}, "html": {"href": "#!/osrf/gazebo/issues/627/compilation-issues-in-gazebo-161"}, "vote": {"href": "https://api.bitbucket.org/2.0/repositories/osrf/gazebo/issues/627/vote"}}, "reporter": {"display_name": "Daniel Vaz", "uuid": "{604e054a-961c-460c-a762-8acd28891ac4}", "links": {"self": {"href": "https://api.bitbucket.org/2.0/users/%7B604e054a-961c-460c-a762-8acd28891ac4%7D"}, "html": {"href": "https://bitbucket.org/%7B604e054a-961c-460c-a762-8acd28891ac4%7D/"}, "avatar": {"href": "data/secure.gravatar.com/avatar/cd9d9e37c2d233526fbd6ee9d91ab666d=httpsavatar-management--avatars.us-west-2.prod.public.atl-paas.netinitialsDV-3.png"}}, "nickname": "danielvaz", "type": "user", "account_id": "557058:8df76d8f-9a86-4aee-a331-8c0dd564b36d"}, "title": "Compilation issues in Gazebo 1.6.1", "component": null, "votes": 0, "watches": 2, "content": {"raw": "Hi all,\r\n\r\nI got gazebo 1.6.1 from http://gazebosim.org/assets/distributions/gazebo-1.6.1.tar.bz2 and in compile time I got this error:\r\n```\r\n#!shell\r\n\r\n[ 17%] Building CXX object gazebo/common/CMakeFiles/gazebo_common.dir/SystemPaths.cc.o\r\n/home/dvaz/src/gazebo-1.6.1/gazebo/common/SystemPaths.cc: In member function \u2018std::string gazebo::common::SystemPaths::FindFile(const string&, bool)\u2019:\r\n/home/dvaz/src/gazebo-1.6.1/gazebo/common/SystemPaths.cc:317:11: error: expected type-specifier\r\n/home/dvaz/src/gazebo-1.6.1/gazebo/common/SystemPaths.cc:317:29: error: expected unqualified-id before \u2018::\u2019 token\r\n/home/dvaz/src/gazebo-1.6.1/gazebo/common/SystemPaths.cc:317:29: error: expected \u2018)\u2019 before \u2018::\u2019 token\r\n/home/dvaz/src/gazebo-1.6.1/gazebo/common/SystemPaths.cc:317:29: error: expected \u2018{\u2019 before \u2018::\u2019 token\r\n/home/dvaz/src/gazebo-1.6.1/gazebo/common/SystemPaths.cc:317:29: error: \u2018::filesystem_error\u2019 has not been declared\r\n/home/dvaz/src/gazebo-1.6.1/gazebo/common/SystemPaths.cc:317:29: note: suggested alternative:\r\n/usr/local/include/boost/filesystem/operations.hpp:980:30: note:   \u2018boost::filesystem::filesystem_error\u2019\r\n/home/dvaz/src/gazebo-1.6.1/gazebo/common/SystemPaths.cc:317:49: error: \u2018_e\u2019 was not declared in this scope\r\n/home/dvaz/src/gazebo-1.6.1/gazebo/common/SystemPaths.cc:317:51: error: expected \u2018;\u2019 before \u2018)\u2019 token\r\nmake[2]: *** [gazebo/common/CMakeFiles/gazebo_common.dir/SystemPaths.cc.o] Error 1\r\nmake[1]: *** [gazebo/common/CMakeFiles/gazebo_common.dir/all] Error 2\r\nmake: *** [all] Error 2\r\n```\r\n\r\nThe error source is in line 317, catch(boost::filesystem3::filesystem_error &_e)\r\nReplacing it to catch(boost::filesystem::filesystem_error &_e) the compilation was successfull.\r\n\r\nI don't know if it is a problem with my boost library (1.53) or if it is a typing error.\r\n\r\nI create a new issue [issue #633](#!/osrf/gazebo/issue/633/segmentation-fault-when-running-gazebo-161) to group info about segmentation fault of a successfully compiled gazebo 1.6.1", "markup": "markdown", "html": "<p>Hi all,</p>\n<p>I got gazebo 1.6.1 from <a href=\"http://gazebosim.org/assets/distributions/gazebo-1.6.1.tar.bz2\" rel=\"nofollow\" class=\"ap-connect-link\">http://gazebosim.org/assets/distributions/gazebo-1.6.1.tar.bz2</a> and in compile time I got this error:</p>\n<div class=\"codehilite language-shell\"><pre><span></span><span class=\"o\">[</span> <span class=\"m\">17</span>%<span class=\"o\">]</span> Building CXX object gazebo/common/CMakeFiles/gazebo_common.dir/SystemPaths.cc.o\n/home/dvaz/src/gazebo-1.6.1/gazebo/common/SystemPaths.cc: In member <span class=\"k\">function</span> \u2018std::string gazebo::common::SystemPaths::FindFile<span class=\"o\">(</span>const string<span class=\"p\">&amp;</span>, bool<span class=\"o\">)</span>\u2019:\n/home/dvaz/src/gazebo-1.6.1/gazebo/common/SystemPaths.cc:317:11: error: expected type-specifier\n/home/dvaz/src/gazebo-1.6.1/gazebo/common/SystemPaths.cc:317:29: error: expected unqualified-id before \u2018::\u2019 token\n/home/dvaz/src/gazebo-1.6.1/gazebo/common/SystemPaths.cc:317:29: error: expected \u2018<span class=\"o\">)</span>\u2019 before \u2018::\u2019 token\n/home/dvaz/src/gazebo-1.6.1/gazebo/common/SystemPaths.cc:317:29: error: expected \u2018<span class=\"o\">{</span>\u2019 before \u2018::\u2019 token\n/home/dvaz/src/gazebo-1.6.1/gazebo/common/SystemPaths.cc:317:29: error: \u2018::filesystem_error\u2019 has not been declared\n/home/dvaz/src/gazebo-1.6.1/gazebo/common/SystemPaths.cc:317:29: note: suggested alternative:\n/usr/local/include/boost/filesystem/operations.hpp:980:30: note:   \u2018boost::filesystem::filesystem_error\u2019\n/home/dvaz/src/gazebo-1.6.1/gazebo/common/SystemPaths.cc:317:49: error: \u2018_e\u2019 was not declared in this scope\n/home/dvaz/src/gazebo-1.6.1/gazebo/common/SystemPaths.cc:317:51: error: expected \u2018<span class=\"p\">;</span>\u2019 before \u2018<span class=\"o\">)</span>\u2019 token\nmake<span class=\"o\">[</span><span class=\"m\">2</span><span class=\"o\">]</span>: *** <span class=\"o\">[</span>gazebo/common/CMakeFiles/gazebo_common.dir/SystemPaths.cc.o<span class=\"o\">]</span> Error <span class=\"m\">1</span>\nmake<span class=\"o\">[</span><span class=\"m\">1</span><span class=\"o\">]</span>: *** <span class=\"o\">[</span>gazebo/common/CMakeFiles/gazebo_common.dir/all<span class=\"o\">]</span> Error <span class=\"m\">2</span>\nmake: *** <span class=\"o\">[</span>all<span class=\"o\">]</span> Error <span class=\"m\">2</span>\n</pre></div>\n\n\n<p>The error source is in line 317, catch(boost::filesystem3::filesystem_error &amp;_e)\nReplacing it to catch(boost::filesystem::filesystem_error &amp;_e) the compilation was successfull.</p>\n<p>I don't know if it is a problem with my boost library (1.53) or if it is a typing error.</p>\n<p>I create a new issue <a data-is-external-link=\"true\" href=\"#!/osrf/gazebo/issue/633/segmentation-fault-when-running-gazebo-161\" rel=\"nofollow\">issue #633</a> to group info about segmentation fault of a successfully compiled gazebo 1.6.1</p>", "type": "rendered"}, "assignee": {"display_name": "Jose Luis Rivero", "uuid": "{d12309b2-f745-42ee-b119-aec4fcdf81fe}", "links": {"self": {"href": "https://api.bitbucket.org/2.0/users/%7Bd12309b2-f745-42ee-b119-aec4fcdf81fe%7D"}, "html": {"href": "https://bitbucket.org/%7Bd12309b2-f745-42ee-b119-aec4fcdf81fe%7D/"}, "avatar": {"href": "data/secure.gravatar.com/avatar/109284c8b83411dbc7492138f6167e9ed=httpsavatar-management--avatars.us-west-2.prod.public.atl-paas.netinitialsJR-5.png"}}, "nickname": "Jose Luis Rivero", "type": "user", "account_id": "557058:155a32e2-420c-4d50-98e0-0e722f63f906"}, "state": "closed", "version": {"name": "all", "links": {"self": {"href": "data/repositories/osrf/gazebo/versions/225575.json"}}}, "edited_on": null, "created_on": "2013-04-08T14:58:52.831643+00:00", "milestone": null, "updated_on": "2016-09-14T19:43:36.210718+00:00", "type": "issue", "id": 627}