{"links": {"self": {"href": "data/repositories/osrf/gazebo/pullrequests/1010/comments/1409713.json"}, "html": {"href": "#!/osrf/gazebo/pull-requests/1010/_/diff#comment-1409713"}}, "parent": {"id": 1409557, "links": {"self": {"href": "data/repositories/osrf/gazebo/pullrequests/1010/comments/1409557.json"}, "html": {"href": "#!/osrf/gazebo/pull-requests/1010/_/diff#comment-1409557"}}}, "deleted": false, "pullrequest": {"type": "pullrequest", "id": 1010, "links": {"self": {"href": "data/repositories/osrf/gazebo/pullrequests/1010.json"}, "html": {"href": "#!/osrf/gazebo/pull-requests/1010"}}, "title": "Fix more clang warnings"}, "content": {"raw": "That gives me a warning and then a linking error:\n~~~\n/Users/scpeters/osrf/gazebo/deps/opende/src/fastldlt.c:381:7: warning: implicit declaration of function 'assert' is invalid\n      in C99 [-Wimplicit-function-declaration]\n      assert(1);\n      ^\n~~~\n~~~\nUndefined symbols for architecture x86_64:\n  \"_assert\", referenced from:\n      __dFactorLDLT in fastldlt.c.o\nld: symbol(s) not found for architecture x86_64\nclang: error: linker command failed with exit code 1 (use -v to see invocation)\nmake[3]: *** [deps/opende/libgazebo_ode.3.0.0.dylib] Error 1\nmake[2]: *** [deps/opende/CMakeFiles/gazebo_ode.dir/all] Error 2\nmake[2]: *** Waiting for unfinished jobs....\n~~~", "markup": "markdown", "html": "<p>That gives me a warning and then a linking error:</p>\n<div class=\"codehilite\"><pre><span></span>/Users/scpeters/osrf/gazebo/deps/opende/src/fastldlt.c:381:7: warning: implicit declaration of function &#39;assert&#39; is invalid\n      in C99 [-Wimplicit-function-declaration]\n      assert(1);\n      ^\n</pre></div>\n\n\n<div class=\"codehilite\"><pre><span></span>Undefined symbols for architecture x86_64:\n  &quot;_assert&quot;, referenced from:\n      __dFactorLDLT in fastldlt.c.o\nld: symbol(s) not found for architecture x86_64\nclang: error: linker command failed with exit code 1 (use -v to see invocation)\nmake[3]: *** [deps/opende/libgazebo_ode.3.0.0.dylib] Error 1\nmake[2]: *** [deps/opende/CMakeFiles/gazebo_ode.dir/all] Error 2\nmake[2]: *** Waiting for unfinished jobs....\n</pre></div>", "type": "rendered"}, "created_on": "2014-03-12T18:08:49.972656+00:00", "user": {"display_name": "Steve Peters", "uuid": "{2ccfed09-18b8-4921-8d58-15ef01092802}", "links": {"self": {"href": "https://api.bitbucket.org/2.0/users/%7B2ccfed09-18b8-4921-8d58-15ef01092802%7D"}, "html": {"href": "https://bitbucket.org/%7B2ccfed09-18b8-4921-8d58-15ef01092802%7D/"}, "avatar": {"href": "data/secure.gravatar.com/avatar/1fb4816dad9e68337d3096f750951f6cd=httpsavatar-management--avatars.us-west-2.prod.public.atl-paas.netinitialsSP-1.png"}}, "nickname": "Steven Peters", "type": "user", "account_id": "557058:5de38267-b118-494c-aa76-4fab35448816"}, "updated_on": "2014-03-12T18:08:49.983609+00:00", "type": "pullrequest_comment", "id": 1409713}