{"rendered": {"description": {"raw": "Without this fix, the `default` branch fails to build for me with the following error:\r\n\r\n~~~\r\nIn file included from /home/developer/gazebo/test/gtest/include/gtest/gtest-param-test.h:193:0,\r\n                 from /home/developer/gazebo/test/gtest/include/gtest/gtest.h:62,\r\n                 from /home/developer/gazebo/gazebo/test/ServerFixture.hh:31,\r\n                 from /home/developer/gazebo/test/regression/2430_revolute_joint_SetPosition.cc:18:\r\n/home/developer/gazebo/test/gtest/include/gtest/internal/gtest-param-util-generated.h: In instantiation of 'testing::internal::ValueArray1<T1>::operator testing::internal::ParamGenerator<T>() const [with T = std::__cxx11::basic_string<char>; T1 = const char*]':\r\n/home/developer/gazebo/test/regression/2430_revolute_joint_SetPosition.cc:164:1:   required from here\r\n/home/developer/gazebo/test/gtest/include/gtest/internal/gtest-param-util-generated.h:82:70: error: could not convert 'testing::ValuesIn(ForwardIterator, ForwardIterator) [with ForwardIterator = const char* const*; typename testing::internal::IteratorTraits<Iterator>::value_type = const char*](((&((const testing::internal::ValueArray1<const char*>*)this)->testing::internal::ValueArray1<const char*>::v1_) + 8))' from 'testing::internal::ParamGenerator<const char*>' to 'testing::internal::ParamGenerator<std::__cxx11::basic_string<char> >'\r\n   operator ParamGenerator<T>() const { return ValuesIn(&v1_, &v1_ + 1); }\r\n                                                                      ^\r\ntest/regression/CMakeFiles/REGRESSION_2430_revolute_joint_SetPosition.dir/build.make:62: recipe for target 'test/regression/CMakeFiles/REGRESSION_2430_revolute_joint_SetPosition.dir/2430_revolute_joint_SetPosition.cc.o' failed\r\nmake[2]: *** [test/regression/CMakeFiles/REGRESSION_2430_revolute_joint_SetPosition.dir/2430_revolute_joint_SetPosition.cc.o] Error 1\r\nCMakeFiles/Makefile2:20707: recipe for target 'test/regression/CMakeFiles/REGRESSION_2430_revolute_joint_SetPosition.dir/all' failed\r\nmake[1]: *** [test/regression/CMakeFiles/REGRESSION_2430_revolute_joint_SetPosition.dir/all] Error 2\r\n~~~\r\n\r\nThis regression test was recently added on pull request #2892.\r\n\r\nI'm on Bionic and have ODE and Bullet installed, but not DART or Simbody. Not sure if it helps, but this is my gcc version:\r\n\r\n~~~\r\n$ gcc -v\r\nUsing built-in specs.\r\nCOLLECT_GCC=gcc\r\nCOLLECT_LTO_WRAPPER=/usr/lib/gcc/x86_64-linux-gnu/7/lto-wrapper\r\nOFFLOAD_TARGET_NAMES=nvptx-none\r\nOFFLOAD_TARGET_DEFAULT=1\r\nTarget: x86_64-linux-gnu\r\nConfigured with: ../src/configure -v --with-pkgversion='Ubuntu 7.3.0-27ubuntu1~18.04' --with-bugurl=file:///usr/share/doc/gcc-7/README.Bugs --enable-languages=c,ada,c++,go,brig,d,fortran,objc,obj-c++ --prefix=/usr --with-gcc-major-version-only --program-suffix=-7 --program-prefix=x86_64-linux-gnu- --enable-shared --enable-linker-build-id --libexecdir=/usr/lib --without-included-gettext --enable-threads=posix --libdir=/usr/lib --enable-nls --with-sysroot=/ --enable-clocale=gnu --enable-libstdcxx-debug --enable-libstdcxx-time=yes --with-default-libstdcxx-abi=new --enable-gnu-unique-object --disable-vtable-verify --enable-libmpx --enable-plugin --enable-default-pie --with-system-zlib --with-target-system-zlib --enable-objc-gc=auto --enable-multiarch --disable-werror --with-arch-32=i686 --with-abi=m64 --with-multilib-list=m32,m64,mx32 --enable-multilib --with-tune=generic --enable-offload-targets=nvptx-none --without-cuda-driver --enable-checking=release --build=x86_64-linux-gnu --host=x86_64-linux-gnu --target=x86_64-linux-gnu\r\nThread model: posix\r\ngcc version 7.3.0 (Ubuntu 7.3.0-27ubuntu1~18.04) \r\n~~~", "markup": "markdown", "html": "<p>Without this fix, the <code>default</code> branch fails to build for me with the following error:</p>\n<div class=\"codehilite\"><pre><span></span><span class=\"nt\">In</span> <span class=\"nt\">file</span> <span class=\"nt\">included</span> <span class=\"nt\">from</span> <span class=\"o\">/</span><span class=\"nt\">home</span><span class=\"o\">/</span><span class=\"nt\">developer</span><span class=\"o\">/</span><span class=\"nt\">gazebo</span><span class=\"o\">/</span><span class=\"nt\">test</span><span class=\"o\">/</span><span class=\"nt\">gtest</span><span class=\"o\">/</span><span class=\"nt\">include</span><span class=\"o\">/</span><span class=\"nt\">gtest</span><span class=\"o\">/</span><span class=\"nt\">gtest-param-test</span><span class=\"p\">.</span><span class=\"nc\">h</span><span class=\"p\">:</span><span class=\"nd\">193</span><span class=\"p\">:</span><span class=\"nd\">0</span><span class=\"o\">,</span>\n                 <span class=\"nt\">from</span> <span class=\"o\">/</span><span class=\"nt\">home</span><span class=\"o\">/</span><span class=\"nt\">developer</span><span class=\"o\">/</span><span class=\"nt\">gazebo</span><span class=\"o\">/</span><span class=\"nt\">test</span><span class=\"o\">/</span><span class=\"nt\">gtest</span><span class=\"o\">/</span><span class=\"nt\">include</span><span class=\"o\">/</span><span class=\"nt\">gtest</span><span class=\"o\">/</span><span class=\"nt\">gtest</span><span class=\"p\">.</span><span class=\"nc\">h</span><span class=\"p\">:</span><span class=\"nd\">62</span><span class=\"o\">,</span>\n                 <span class=\"nt\">from</span> <span class=\"o\">/</span><span class=\"nt\">home</span><span class=\"o\">/</span><span class=\"nt\">developer</span><span class=\"o\">/</span><span class=\"nt\">gazebo</span><span class=\"o\">/</span><span class=\"nt\">gazebo</span><span class=\"o\">/</span><span class=\"nt\">test</span><span class=\"o\">/</span><span class=\"nt\">ServerFixture</span><span class=\"p\">.</span><span class=\"nc\">hh</span><span class=\"p\">:</span><span class=\"nd\">31</span><span class=\"o\">,</span>\n                 <span class=\"nt\">from</span> <span class=\"o\">/</span><span class=\"nt\">home</span><span class=\"o\">/</span><span class=\"nt\">developer</span><span class=\"o\">/</span><span class=\"nt\">gazebo</span><span class=\"o\">/</span><span class=\"nt\">test</span><span class=\"o\">/</span><span class=\"nt\">regression</span><span class=\"o\">/</span><span class=\"nt\">2430_revolute_joint_SetPosition</span><span class=\"p\">.</span><span class=\"nc\">cc</span><span class=\"p\">:</span><span class=\"nd\">18</span><span class=\"o\">:</span>\n<span class=\"o\">/</span><span class=\"nt\">home</span><span class=\"o\">/</span><span class=\"nt\">developer</span><span class=\"o\">/</span><span class=\"nt\">gazebo</span><span class=\"o\">/</span><span class=\"nt\">test</span><span class=\"o\">/</span><span class=\"nt\">gtest</span><span class=\"o\">/</span><span class=\"nt\">include</span><span class=\"o\">/</span><span class=\"nt\">gtest</span><span class=\"o\">/</span><span class=\"nt\">internal</span><span class=\"o\">/</span><span class=\"nt\">gtest-param-util-generated</span><span class=\"p\">.</span><span class=\"nc\">h</span><span class=\"o\">:</span> <span class=\"nt\">In</span> <span class=\"nt\">instantiation</span> <span class=\"nt\">of</span> <span class=\"s1\">&#39;testing::internal::ValueArray1&lt;T1&gt;::operator testing::internal::ParamGenerator&lt;T&gt;() const </span><span class=\"cp\">[</span><span class=\"k\">with</span> <span class=\"n\">T</span><span class=\"o\"> =</span> <span class=\"nx\">std</span><span class=\"nl\">::__cxx11::basic_string</span><span class=\"o\">&lt;</span><span class=\"nx\">char</span><span class=\"o\">&gt;</span><span class=\"p\">;</span> <span class=\"n\">T1</span><span class=\"o\"> =</span> <span class=\"nx\">const</span> <span class=\"nx\">char</span><span class=\"o\">*</span><span class=\"cp\">]</span><span class=\"s1\">&#39;</span><span class=\"o\">:</span>\n<span class=\"o\">/</span><span class=\"nt\">home</span><span class=\"o\">/</span><span class=\"nt\">developer</span><span class=\"o\">/</span><span class=\"nt\">gazebo</span><span class=\"o\">/</span><span class=\"nt\">test</span><span class=\"o\">/</span><span class=\"nt\">regression</span><span class=\"o\">/</span><span class=\"nt\">2430_revolute_joint_SetPosition</span><span class=\"p\">.</span><span class=\"nc\">cc</span><span class=\"p\">:</span><span class=\"nd\">164</span><span class=\"p\">:</span><span class=\"nd\">1</span><span class=\"o\">:</span>   <span class=\"nt\">required</span> <span class=\"nt\">from</span> <span class=\"nt\">here</span>\n<span class=\"o\">/</span><span class=\"nt\">home</span><span class=\"o\">/</span><span class=\"nt\">developer</span><span class=\"o\">/</span><span class=\"nt\">gazebo</span><span class=\"o\">/</span><span class=\"nt\">test</span><span class=\"o\">/</span><span class=\"nt\">gtest</span><span class=\"o\">/</span><span class=\"nt\">include</span><span class=\"o\">/</span><span class=\"nt\">gtest</span><span class=\"o\">/</span><span class=\"nt\">internal</span><span class=\"o\">/</span><span class=\"nt\">gtest-param-util-generated</span><span class=\"p\">.</span><span class=\"nc\">h</span><span class=\"p\">:</span><span class=\"nd\">82</span><span class=\"p\">:</span><span class=\"nd\">70</span><span class=\"o\">:</span> <span class=\"nt\">error</span><span class=\"o\">:</span> <span class=\"nt\">could</span> <span class=\"nt\">not</span> <span class=\"nt\">convert</span> <span class=\"s1\">&#39;testing::ValuesIn(ForwardIterator, ForwardIterator) </span><span class=\"cp\">[</span><span class=\"k\">with</span> <span class=\"n\">ForwardIterator</span><span class=\"o\"> =</span> <span class=\"nx\">const</span> <span class=\"nx\">char</span><span class=\"o\">*</span> <span class=\"nx\">const</span><span class=\"o\">*</span><span class=\"p\">;</span> <span class=\"nx\">typename</span> <span class=\"nx\">testing</span><span class=\"nl\">::internal::IteratorTraits</span><span class=\"o\">&lt;</span><span class=\"nb\">Iterator</span><span class=\"o\">&gt;</span><span class=\"nl\">::value_type</span> <span class=\"o\">=</span> <span class=\"nx\">const</span> <span class=\"nx\">char</span><span class=\"o\">*</span><span class=\"cp\">]</span><span class=\"s1\">(((&amp;((const testing::internal::ValueArray1&lt;const char*&gt;*)this)-&gt;testing::internal::ValueArray1&lt;const char*&gt;::v1_) + 8))&#39;</span> <span class=\"nt\">from</span> <span class=\"s1\">&#39;testing::internal::ParamGenerator&lt;const char*&gt;&#39;</span> <span class=\"nt\">to</span> <span class=\"s1\">&#39;testing::internal::ParamGenerator&lt;std::__cxx11::basic_string&lt;char&gt; &gt;&#39;</span>\n   <span class=\"nt\">operator</span> <span class=\"nt\">ParamGenerator</span><span class=\"o\">&lt;</span><span class=\"nt\">T</span><span class=\"o\">&gt;()</span> <span class=\"nt\">const</span> <span class=\"p\">{</span> <span class=\"err\">return</span> <span class=\"err\">ValuesIn(&amp;v1_,</span> <span class=\"err\">&amp;v1_</span> <span class=\"err\">+</span> <span class=\"err\">1)</span><span class=\"p\">;</span> <span class=\"p\">}</span>\n                                                                      <span class=\"o\">^</span>\n<span class=\"nt\">test</span><span class=\"o\">/</span><span class=\"nt\">regression</span><span class=\"o\">/</span><span class=\"nt\">CMakeFiles</span><span class=\"o\">/</span><span class=\"nt\">REGRESSION_2430_revolute_joint_SetPosition</span><span class=\"p\">.</span><span class=\"nc\">dir</span><span class=\"o\">/</span><span class=\"nt\">build</span><span class=\"p\">.</span><span class=\"nc\">make</span><span class=\"p\">:</span><span class=\"nd\">62</span><span class=\"o\">:</span> <span class=\"nt\">recipe</span> <span class=\"nt\">for</span> <span class=\"nt\">target</span> <span class=\"s1\">&#39;test/regression/CMakeFiles/REGRESSION_2430_revolute_joint_SetPosition.dir/2430_revolute_joint_SetPosition.cc.o&#39;</span> <span class=\"nt\">failed</span>\n<span class=\"nt\">make</span><span class=\"cp\">[</span><span class=\"mi\">2</span><span class=\"cp\">]</span><span class=\"o\">:</span> <span class=\"o\">***</span> <span class=\"cp\">[</span><span class=\"nx\">test</span><span class=\"p\">/</span><span class=\"nx\">regression</span><span class=\"p\">/</span><span class=\"nx\">CMakeFiles</span><span class=\"p\">/</span><span class=\"nx\">REGRESSION_2430_revolute_joint_SetPosition.dir</span><span class=\"p\">/</span><span class=\"nx\">2430_revolute_joint_SetPosition.cc.o</span><span class=\"cp\">]</span> <span class=\"nt\">Error</span> <span class=\"nt\">1</span>\n<span class=\"nt\">CMakeFiles</span><span class=\"o\">/</span><span class=\"nt\">Makefile2</span><span class=\"p\">:</span><span class=\"nd\">20707</span><span class=\"o\">:</span> <span class=\"nt\">recipe</span> <span class=\"nt\">for</span> <span class=\"nt\">target</span> <span class=\"s1\">&#39;test/regression/CMakeFiles/REGRESSION_2430_revolute_joint_SetPosition.dir/all&#39;</span> <span class=\"nt\">failed</span>\n<span class=\"nt\">make</span><span class=\"cp\">[</span><span class=\"mi\">1</span><span class=\"cp\">]</span><span class=\"o\">:</span> <span class=\"o\">***</span> <span class=\"cp\">[</span><span class=\"nx\">test</span><span class=\"p\">/</span><span class=\"nx\">regression</span><span class=\"p\">/</span><span class=\"nx\">CMakeFiles</span><span class=\"p\">/</span><span class=\"nx\">REGRESSION_2430_revolute_joint_SetPosition.dir</span><span class=\"p\">/</span><span class=\"nb\">all</span><span class=\"cp\">]</span> <span class=\"nt\">Error</span> <span class=\"nt\">2</span>\n</pre></div>\n\n\n<p>This regression test was recently added on <a href=\"#!/osrf/gazebo/pull-requests/2892/fix-joint-setposition-for-hingejoint-issue\" rel=\"nofollow\" class=\"ap-connect-link\">pull request #2892</a>.</p>\n<p>I'm on Bionic and have ODE and Bullet installed, but not DART or Simbody. Not sure if it helps, but this is my gcc version:</p>\n<div class=\"codehilite\"><pre><span></span>$ gcc -v\nUsing built-in specs.\n<span class=\"nv\">COLLECT_GCC</span><span class=\"o\">=</span>gcc\n<span class=\"nv\">COLLECT_LTO_WRAPPER</span><span class=\"o\">=</span>/usr/lib/gcc/x86_64-linux-gnu/7/lto-wrapper\n<span class=\"nv\">OFFLOAD_TARGET_NAMES</span><span class=\"o\">=</span>nvptx-none\n<span class=\"nv\">OFFLOAD_TARGET_DEFAULT</span><span class=\"o\">=</span><span class=\"m\">1</span>\nTarget: x86_64-linux-gnu\nConfigured with: ../src/configure -v --with-pkgversion<span class=\"o\">=</span><span class=\"s1\">&#39;Ubuntu 7.3.0-27ubuntu1~18.04&#39;</span> --with-bugurl<span class=\"o\">=</span>file:///usr/share/doc/gcc-7/README.Bugs --enable-languages<span class=\"o\">=</span>c,ada,c++,go,brig,d,fortran,objc,obj-c++ --prefix<span class=\"o\">=</span>/usr --with-gcc-major-version-only --program-suffix<span class=\"o\">=</span>-7 --program-prefix<span class=\"o\">=</span>x86_64-linux-gnu- --enable-shared --enable-linker-build-id --libexecdir<span class=\"o\">=</span>/usr/lib --without-included-gettext --enable-threads<span class=\"o\">=</span>posix --libdir<span class=\"o\">=</span>/usr/lib --enable-nls --with-sysroot<span class=\"o\">=</span>/ --enable-clocale<span class=\"o\">=</span>gnu --enable-libstdcxx-debug --enable-libstdcxx-time<span class=\"o\">=</span>yes --with-default-libstdcxx-abi<span class=\"o\">=</span>new --enable-gnu-unique-object --disable-vtable-verify --enable-libmpx --enable-plugin --enable-default-pie --with-system-zlib --with-target-system-zlib --enable-objc-gc<span class=\"o\">=</span>auto --enable-multiarch --disable-werror --with-arch-32<span class=\"o\">=</span>i686 --with-abi<span class=\"o\">=</span>m64 --with-multilib-list<span class=\"o\">=</span>m32,m64,mx32 --enable-multilib --with-tune<span class=\"o\">=</span>generic --enable-offload-targets<span class=\"o\">=</span>nvptx-none --without-cuda-driver --enable-checking<span class=\"o\">=</span>release --build<span class=\"o\">=</span>x86_64-linux-gnu --host<span class=\"o\">=</span>x86_64-linux-gnu --target<span class=\"o\">=</span>x86_64-linux-gnu\nThread model: posix\ngcc version <span class=\"m\">7</span>.3.0 <span class=\"o\">(</span>Ubuntu <span class=\"m\">7</span>.3.0-27ubuntu1~18.04<span class=\"o\">)</span> \n</pre></div>", "type": "rendered"}, "title": {"raw": "Fix build on Bionic with ODE and Bullet", "markup": "markdown", "html": "<p>Fix build on Bionic with ODE and Bullet</p>", "type": "rendered"}}, "type": "pullrequest", "description": "Without this fix, the `default` branch fails to build for me with the following error:\r\n\r\n~~~\r\nIn file included from /home/developer/gazebo/test/gtest/include/gtest/gtest-param-test.h:193:0,\r\n                 from /home/developer/gazebo/test/gtest/include/gtest/gtest.h:62,\r\n                 from /home/developer/gazebo/gazebo/test/ServerFixture.hh:31,\r\n                 from /home/developer/gazebo/test/regression/2430_revolute_joint_SetPosition.cc:18:\r\n/home/developer/gazebo/test/gtest/include/gtest/internal/gtest-param-util-generated.h: In instantiation of 'testing::internal::ValueArray1<T1>::operator testing::internal::ParamGenerator<T>() const [with T = std::__cxx11::basic_string<char>; T1 = const char*]':\r\n/home/developer/gazebo/test/regression/2430_revolute_joint_SetPosition.cc:164:1:   required from here\r\n/home/developer/gazebo/test/gtest/include/gtest/internal/gtest-param-util-generated.h:82:70: error: could not convert 'testing::ValuesIn(ForwardIterator, ForwardIterator) [with ForwardIterator = const char* const*; typename testing::internal::IteratorTraits<Iterator>::value_type = const char*](((&((const testing::internal::ValueArray1<const char*>*)this)->testing::internal::ValueArray1<const char*>::v1_) + 8))' from 'testing::internal::ParamGenerator<const char*>' to 'testing::internal::ParamGenerator<std::__cxx11::basic_string<char> >'\r\n   operator ParamGenerator<T>() const { return ValuesIn(&v1_, &v1_ + 1); }\r\n                                                                      ^\r\ntest/regression/CMakeFiles/REGRESSION_2430_revolute_joint_SetPosition.dir/build.make:62: recipe for target 'test/regression/CMakeFiles/REGRESSION_2430_revolute_joint_SetPosition.dir/2430_revolute_joint_SetPosition.cc.o' failed\r\nmake[2]: *** [test/regression/CMakeFiles/REGRESSION_2430_revolute_joint_SetPosition.dir/2430_revolute_joint_SetPosition.cc.o] Error 1\r\nCMakeFiles/Makefile2:20707: recipe for target 'test/regression/CMakeFiles/REGRESSION_2430_revolute_joint_SetPosition.dir/all' failed\r\nmake[1]: *** [test/regression/CMakeFiles/REGRESSION_2430_revolute_joint_SetPosition.dir/all] Error 2\r\n~~~\r\n\r\nThis regression test was recently added on pull request #2892.\r\n\r\nI'm on Bionic and have ODE and Bullet installed, but not DART or Simbody. Not sure if it helps, but this is my gcc version:\r\n\r\n~~~\r\n$ gcc -v\r\nUsing built-in specs.\r\nCOLLECT_GCC=gcc\r\nCOLLECT_LTO_WRAPPER=/usr/lib/gcc/x86_64-linux-gnu/7/lto-wrapper\r\nOFFLOAD_TARGET_NAMES=nvptx-none\r\nOFFLOAD_TARGET_DEFAULT=1\r\nTarget: x86_64-linux-gnu\r\nConfigured with: ../src/configure -v --with-pkgversion='Ubuntu 7.3.0-27ubuntu1~18.04' --with-bugurl=file:///usr/share/doc/gcc-7/README.Bugs --enable-languages=c,ada,c++,go,brig,d,fortran,objc,obj-c++ --prefix=/usr --with-gcc-major-version-only --program-suffix=-7 --program-prefix=x86_64-linux-gnu- --enable-shared --enable-linker-build-id --libexecdir=/usr/lib --without-included-gettext --enable-threads=posix --libdir=/usr/lib --enable-nls --with-sysroot=/ --enable-clocale=gnu --enable-libstdcxx-debug --enable-libstdcxx-time=yes --with-default-libstdcxx-abi=new --enable-gnu-unique-object --disable-vtable-verify --enable-libmpx --enable-plugin --enable-default-pie --with-system-zlib --with-target-system-zlib --enable-objc-gc=auto --enable-multiarch --disable-werror --with-arch-32=i686 --with-abi=m64 --with-multilib-list=m32,m64,mx32 --enable-multilib --with-tune=generic --enable-offload-targets=nvptx-none --without-cuda-driver --enable-checking=release --build=x86_64-linux-gnu --host=x86_64-linux-gnu --target=x86_64-linux-gnu\r\nThread model: posix\r\ngcc version 7.3.0 (Ubuntu 7.3.0-27ubuntu1~18.04) \r\n~~~", "links": {"decline": {"href": "https://api.bitbucket.org/2.0/repositories/osrf/gazebo/pullrequests/3042/decline"}, "diffstat": {"href": "https://api.bitbucket.org/2.0/repositories/osrf/gazebo/diffstat/osrf/gazebo:6ffc1b7fcd15%0D820440c98cd2?from_pullrequest_id=3042"}, "commits": {"href": "data/repositories/osrf/gazebo/pullrequests/3042/commits.json"}, "self": {"href": "data/repositories/osrf/gazebo/pullrequests/3042.json"}, "comments": {"href": "data/repositories/osrf/gazebo/pullrequests/3042/comments_page=1.json"}, "merge": {"href": "https://api.bitbucket.org/2.0/repositories/osrf/gazebo/pullrequests/3042/merge"}, "html": {"href": "#!/osrf/gazebo/pull-requests/3042"}, "activity": {"href": "data/repositories/osrf/gazebo/pullrequests/3042/activity.json"}, "diff": {"href": "https://api.bitbucket.org/2.0/repositories/osrf/gazebo/diff/osrf/gazebo:6ffc1b7fcd15%0D820440c98cd2?from_pullrequest_id=3042"}, "approve": {"href": "https://api.bitbucket.org/2.0/repositories/osrf/gazebo/pullrequests/3042/approve"}, "statuses": {"href": "data/repositories/osrf/gazebo/pullrequests/3042/statuses_page=1.json"}}, "title": "Fix build on Bionic with ODE and Bullet", "close_source_branch": true, "reviewers": [], "id": 3042, "destination": {"commit": {"hash": "820440c98cd2", "type": "commit", "links": {"self": {"href": "data/repositories/osrf/gazebo/commit/820440c98cd2.json"}, "html": {"href": "#!/osrf/gazebo/commits/820440c98cd2"}}}, "repository": {"links": {"self": {"href": "data/repositories/osrf/gazebo.json"}, "html": {"href": "#!/osrf/gazebo"}, "avatar": {"href": "data/bytebucket.org/ravatar/{51a0cd5d-8697-4eb1-8b08-e919ee881e1c}ts=1694483"}}, "type": "repository", "name": "gazebo", "full_name": "osrf/gazebo", "uuid": "{51a0cd5d-8697-4eb1-8b08-e919ee881e1c}"}, "branch": {"name": "default"}}, "created_on": "2018-12-05T19:00:59.657840+00:00", "summary": {"raw": "Without this fix, the `default` branch fails to build for me with the following error:\r\n\r\n~~~\r\nIn file included from /home/developer/gazebo/test/gtest/include/gtest/gtest-param-test.h:193:0,\r\n                 from /home/developer/gazebo/test/gtest/include/gtest/gtest.h:62,\r\n                 from /home/developer/gazebo/gazebo/test/ServerFixture.hh:31,\r\n                 from /home/developer/gazebo/test/regression/2430_revolute_joint_SetPosition.cc:18:\r\n/home/developer/gazebo/test/gtest/include/gtest/internal/gtest-param-util-generated.h: In instantiation of 'testing::internal::ValueArray1<T1>::operator testing::internal::ParamGenerator<T>() const [with T = std::__cxx11::basic_string<char>; T1 = const char*]':\r\n/home/developer/gazebo/test/regression/2430_revolute_joint_SetPosition.cc:164:1:   required from here\r\n/home/developer/gazebo/test/gtest/include/gtest/internal/gtest-param-util-generated.h:82:70: error: could not convert 'testing::ValuesIn(ForwardIterator, ForwardIterator) [with ForwardIterator = const char* const*; typename testing::internal::IteratorTraits<Iterator>::value_type = const char*](((&((const testing::internal::ValueArray1<const char*>*)this)->testing::internal::ValueArray1<const char*>::v1_) + 8))' from 'testing::internal::ParamGenerator<const char*>' to 'testing::internal::ParamGenerator<std::__cxx11::basic_string<char> >'\r\n   operator ParamGenerator<T>() const { return ValuesIn(&v1_, &v1_ + 1); }\r\n                                                                      ^\r\ntest/regression/CMakeFiles/REGRESSION_2430_revolute_joint_SetPosition.dir/build.make:62: recipe for target 'test/regression/CMakeFiles/REGRESSION_2430_revolute_joint_SetPosition.dir/2430_revolute_joint_SetPosition.cc.o' failed\r\nmake[2]: *** [test/regression/CMakeFiles/REGRESSION_2430_revolute_joint_SetPosition.dir/2430_revolute_joint_SetPosition.cc.o] Error 1\r\nCMakeFiles/Makefile2:20707: recipe for target 'test/regression/CMakeFiles/REGRESSION_2430_revolute_joint_SetPosition.dir/all' failed\r\nmake[1]: *** [test/regression/CMakeFiles/REGRESSION_2430_revolute_joint_SetPosition.dir/all] Error 2\r\n~~~\r\n\r\nThis regression test was recently added on pull request #2892.\r\n\r\nI'm on Bionic and have ODE and Bullet installed, but not DART or Simbody. Not sure if it helps, but this is my gcc version:\r\n\r\n~~~\r\n$ gcc -v\r\nUsing built-in specs.\r\nCOLLECT_GCC=gcc\r\nCOLLECT_LTO_WRAPPER=/usr/lib/gcc/x86_64-linux-gnu/7/lto-wrapper\r\nOFFLOAD_TARGET_NAMES=nvptx-none\r\nOFFLOAD_TARGET_DEFAULT=1\r\nTarget: x86_64-linux-gnu\r\nConfigured with: ../src/configure -v --with-pkgversion='Ubuntu 7.3.0-27ubuntu1~18.04' --with-bugurl=file:///usr/share/doc/gcc-7/README.Bugs --enable-languages=c,ada,c++,go,brig,d,fortran,objc,obj-c++ --prefix=/usr --with-gcc-major-version-only --program-suffix=-7 --program-prefix=x86_64-linux-gnu- --enable-shared --enable-linker-build-id --libexecdir=/usr/lib --without-included-gettext --enable-threads=posix --libdir=/usr/lib --enable-nls --with-sysroot=/ --enable-clocale=gnu --enable-libstdcxx-debug --enable-libstdcxx-time=yes --with-default-libstdcxx-abi=new --enable-gnu-unique-object --disable-vtable-verify --enable-libmpx --enable-plugin --enable-default-pie --with-system-zlib --with-target-system-zlib --enable-objc-gc=auto --enable-multiarch --disable-werror --with-arch-32=i686 --with-abi=m64 --with-multilib-list=m32,m64,mx32 --enable-multilib --with-tune=generic --enable-offload-targets=nvptx-none --without-cuda-driver --enable-checking=release --build=x86_64-linux-gnu --host=x86_64-linux-gnu --target=x86_64-linux-gnu\r\nThread model: posix\r\ngcc version 7.3.0 (Ubuntu 7.3.0-27ubuntu1~18.04) \r\n~~~", "markup": "markdown", "html": "<p>Without this fix, the <code>default</code> branch fails to build for me with the following error:</p>\n<div class=\"codehilite\"><pre><span></span><span class=\"nt\">In</span> <span class=\"nt\">file</span> <span class=\"nt\">included</span> <span class=\"nt\">from</span> <span class=\"o\">/</span><span class=\"nt\">home</span><span class=\"o\">/</span><span class=\"nt\">developer</span><span class=\"o\">/</span><span class=\"nt\">gazebo</span><span class=\"o\">/</span><span class=\"nt\">test</span><span class=\"o\">/</span><span class=\"nt\">gtest</span><span class=\"o\">/</span><span class=\"nt\">include</span><span class=\"o\">/</span><span class=\"nt\">gtest</span><span class=\"o\">/</span><span class=\"nt\">gtest-param-test</span><span class=\"p\">.</span><span class=\"nc\">h</span><span class=\"p\">:</span><span class=\"nd\">193</span><span class=\"p\">:</span><span class=\"nd\">0</span><span class=\"o\">,</span>\n                 <span class=\"nt\">from</span> <span class=\"o\">/</span><span class=\"nt\">home</span><span class=\"o\">/</span><span class=\"nt\">developer</span><span class=\"o\">/</span><span class=\"nt\">gazebo</span><span class=\"o\">/</span><span class=\"nt\">test</span><span class=\"o\">/</span><span class=\"nt\">gtest</span><span class=\"o\">/</span><span class=\"nt\">include</span><span class=\"o\">/</span><span class=\"nt\">gtest</span><span class=\"o\">/</span><span class=\"nt\">gtest</span><span class=\"p\">.</span><span class=\"nc\">h</span><span class=\"p\">:</span><span class=\"nd\">62</span><span class=\"o\">,</span>\n                 <span class=\"nt\">from</span> <span class=\"o\">/</span><span class=\"nt\">home</span><span class=\"o\">/</span><span class=\"nt\">developer</span><span class=\"o\">/</span><span class=\"nt\">gazebo</span><span class=\"o\">/</span><span class=\"nt\">gazebo</span><span class=\"o\">/</span><span class=\"nt\">test</span><span class=\"o\">/</span><span class=\"nt\">ServerFixture</span><span class=\"p\">.</span><span class=\"nc\">hh</span><span class=\"p\">:</span><span class=\"nd\">31</span><span class=\"o\">,</span>\n                 <span class=\"nt\">from</span> <span class=\"o\">/</span><span class=\"nt\">home</span><span class=\"o\">/</span><span class=\"nt\">developer</span><span class=\"o\">/</span><span class=\"nt\">gazebo</span><span class=\"o\">/</span><span class=\"nt\">test</span><span class=\"o\">/</span><span class=\"nt\">regression</span><span class=\"o\">/</span><span class=\"nt\">2430_revolute_joint_SetPosition</span><span class=\"p\">.</span><span class=\"nc\">cc</span><span class=\"p\">:</span><span class=\"nd\">18</span><span class=\"o\">:</span>\n<span class=\"o\">/</span><span class=\"nt\">home</span><span class=\"o\">/</span><span class=\"nt\">developer</span><span class=\"o\">/</span><span class=\"nt\">gazebo</span><span class=\"o\">/</span><span class=\"nt\">test</span><span class=\"o\">/</span><span class=\"nt\">gtest</span><span class=\"o\">/</span><span class=\"nt\">include</span><span class=\"o\">/</span><span class=\"nt\">gtest</span><span class=\"o\">/</span><span class=\"nt\">internal</span><span class=\"o\">/</span><span class=\"nt\">gtest-param-util-generated</span><span class=\"p\">.</span><span class=\"nc\">h</span><span class=\"o\">:</span> <span class=\"nt\">In</span> <span class=\"nt\">instantiation</span> <span class=\"nt\">of</span> <span class=\"s1\">&#39;testing::internal::ValueArray1&lt;T1&gt;::operator testing::internal::ParamGenerator&lt;T&gt;() const </span><span class=\"cp\">[</span><span class=\"k\">with</span> <span class=\"n\">T</span><span class=\"o\"> =</span> <span class=\"nx\">std</span><span class=\"nl\">::__cxx11::basic_string</span><span class=\"o\">&lt;</span><span class=\"nx\">char</span><span class=\"o\">&gt;</span><span class=\"p\">;</span> <span class=\"n\">T1</span><span class=\"o\"> =</span> <span class=\"nx\">const</span> <span class=\"nx\">char</span><span class=\"o\">*</span><span class=\"cp\">]</span><span class=\"s1\">&#39;</span><span class=\"o\">:</span>\n<span class=\"o\">/</span><span class=\"nt\">home</span><span class=\"o\">/</span><span class=\"nt\">developer</span><span class=\"o\">/</span><span class=\"nt\">gazebo</span><span class=\"o\">/</span><span class=\"nt\">test</span><span class=\"o\">/</span><span class=\"nt\">regression</span><span class=\"o\">/</span><span class=\"nt\">2430_revolute_joint_SetPosition</span><span class=\"p\">.</span><span class=\"nc\">cc</span><span class=\"p\">:</span><span class=\"nd\">164</span><span class=\"p\">:</span><span class=\"nd\">1</span><span class=\"o\">:</span>   <span class=\"nt\">required</span> <span class=\"nt\">from</span> <span class=\"nt\">here</span>\n<span class=\"o\">/</span><span class=\"nt\">home</span><span class=\"o\">/</span><span class=\"nt\">developer</span><span class=\"o\">/</span><span class=\"nt\">gazebo</span><span class=\"o\">/</span><span class=\"nt\">test</span><span class=\"o\">/</span><span class=\"nt\">gtest</span><span class=\"o\">/</span><span class=\"nt\">include</span><span class=\"o\">/</span><span class=\"nt\">gtest</span><span class=\"o\">/</span><span class=\"nt\">internal</span><span class=\"o\">/</span><span class=\"nt\">gtest-param-util-generated</span><span class=\"p\">.</span><span class=\"nc\">h</span><span class=\"p\">:</span><span class=\"nd\">82</span><span class=\"p\">:</span><span class=\"nd\">70</span><span class=\"o\">:</span> <span class=\"nt\">error</span><span class=\"o\">:</span> <span class=\"nt\">could</span> <span class=\"nt\">not</span> <span class=\"nt\">convert</span> <span class=\"s1\">&#39;testing::ValuesIn(ForwardIterator, ForwardIterator) </span><span class=\"cp\">[</span><span class=\"k\">with</span> <span class=\"n\">ForwardIterator</span><span class=\"o\"> =</span> <span class=\"nx\">const</span> <span class=\"nx\">char</span><span class=\"o\">*</span> <span class=\"nx\">const</span><span class=\"o\">*</span><span class=\"p\">;</span> <span class=\"nx\">typename</span> <span class=\"nx\">testing</span><span class=\"nl\">::internal::IteratorTraits</span><span class=\"o\">&lt;</span><span class=\"nb\">Iterator</span><span class=\"o\">&gt;</span><span class=\"nl\">::value_type</span> <span class=\"o\">=</span> <span class=\"nx\">const</span> <span class=\"nx\">char</span><span class=\"o\">*</span><span class=\"cp\">]</span><span class=\"s1\">(((&amp;((const testing::internal::ValueArray1&lt;const char*&gt;*)this)-&gt;testing::internal::ValueArray1&lt;const char*&gt;::v1_) + 8))&#39;</span> <span class=\"nt\">from</span> <span class=\"s1\">&#39;testing::internal::ParamGenerator&lt;const char*&gt;&#39;</span> <span class=\"nt\">to</span> <span class=\"s1\">&#39;testing::internal::ParamGenerator&lt;std::__cxx11::basic_string&lt;char&gt; &gt;&#39;</span>\n   <span class=\"nt\">operator</span> <span class=\"nt\">ParamGenerator</span><span class=\"o\">&lt;</span><span class=\"nt\">T</span><span class=\"o\">&gt;()</span> <span class=\"nt\">const</span> <span class=\"p\">{</span> <span class=\"err\">return</span> <span class=\"err\">ValuesIn(&amp;v1_,</span> <span class=\"err\">&amp;v1_</span> <span class=\"err\">+</span> <span class=\"err\">1)</span><span class=\"p\">;</span> <span class=\"p\">}</span>\n                                                                      <span class=\"o\">^</span>\n<span class=\"nt\">test</span><span class=\"o\">/</span><span class=\"nt\">regression</span><span class=\"o\">/</span><span class=\"nt\">CMakeFiles</span><span class=\"o\">/</span><span class=\"nt\">REGRESSION_2430_revolute_joint_SetPosition</span><span class=\"p\">.</span><span class=\"nc\">dir</span><span class=\"o\">/</span><span class=\"nt\">build</span><span class=\"p\">.</span><span class=\"nc\">make</span><span class=\"p\">:</span><span class=\"nd\">62</span><span class=\"o\">:</span> <span class=\"nt\">recipe</span> <span class=\"nt\">for</span> <span class=\"nt\">target</span> <span class=\"s1\">&#39;test/regression/CMakeFiles/REGRESSION_2430_revolute_joint_SetPosition.dir/2430_revolute_joint_SetPosition.cc.o&#39;</span> <span class=\"nt\">failed</span>\n<span class=\"nt\">make</span><span class=\"cp\">[</span><span class=\"mi\">2</span><span class=\"cp\">]</span><span class=\"o\">:</span> <span class=\"o\">***</span> <span class=\"cp\">[</span><span class=\"nx\">test</span><span class=\"p\">/</span><span class=\"nx\">regression</span><span class=\"p\">/</span><span class=\"nx\">CMakeFiles</span><span class=\"p\">/</span><span class=\"nx\">REGRESSION_2430_revolute_joint_SetPosition.dir</span><span class=\"p\">/</span><span class=\"nx\">2430_revolute_joint_SetPosition.cc.o</span><span class=\"cp\">]</span> <span class=\"nt\">Error</span> <span class=\"nt\">1</span>\n<span class=\"nt\">CMakeFiles</span><span class=\"o\">/</span><span class=\"nt\">Makefile2</span><span class=\"p\">:</span><span class=\"nd\">20707</span><span class=\"o\">:</span> <span class=\"nt\">recipe</span> <span class=\"nt\">for</span> <span class=\"nt\">target</span> <span class=\"s1\">&#39;test/regression/CMakeFiles/REGRESSION_2430_revolute_joint_SetPosition.dir/all&#39;</span> <span class=\"nt\">failed</span>\n<span class=\"nt\">make</span><span class=\"cp\">[</span><span class=\"mi\">1</span><span class=\"cp\">]</span><span class=\"o\">:</span> <span class=\"o\">***</span> <span class=\"cp\">[</span><span class=\"nx\">test</span><span class=\"p\">/</span><span class=\"nx\">regression</span><span class=\"p\">/</span><span class=\"nx\">CMakeFiles</span><span class=\"p\">/</span><span class=\"nx\">REGRESSION_2430_revolute_joint_SetPosition.dir</span><span class=\"p\">/</span><span class=\"nb\">all</span><span class=\"cp\">]</span> <span class=\"nt\">Error</span> <span class=\"nt\">2</span>\n</pre></div>\n\n\n<p>This regression test was recently added on <a href=\"#!/osrf/gazebo/pull-requests/2892/fix-joint-setposition-for-hingejoint-issue\" rel=\"nofollow\" class=\"ap-connect-link\">pull request #2892</a>.</p>\n<p>I'm on Bionic and have ODE and Bullet installed, but not DART or Simbody. Not sure if it helps, but this is my gcc version:</p>\n<div class=\"codehilite\"><pre><span></span>$ gcc -v\nUsing built-in specs.\n<span class=\"nv\">COLLECT_GCC</span><span class=\"o\">=</span>gcc\n<span class=\"nv\">COLLECT_LTO_WRAPPER</span><span class=\"o\">=</span>/usr/lib/gcc/x86_64-linux-gnu/7/lto-wrapper\n<span class=\"nv\">OFFLOAD_TARGET_NAMES</span><span class=\"o\">=</span>nvptx-none\n<span class=\"nv\">OFFLOAD_TARGET_DEFAULT</span><span class=\"o\">=</span><span class=\"m\">1</span>\nTarget: x86_64-linux-gnu\nConfigured with: ../src/configure -v --with-pkgversion<span class=\"o\">=</span><span class=\"s1\">&#39;Ubuntu 7.3.0-27ubuntu1~18.04&#39;</span> --with-bugurl<span class=\"o\">=</span>file:///usr/share/doc/gcc-7/README.Bugs --enable-languages<span class=\"o\">=</span>c,ada,c++,go,brig,d,fortran,objc,obj-c++ --prefix<span class=\"o\">=</span>/usr --with-gcc-major-version-only --program-suffix<span class=\"o\">=</span>-7 --program-prefix<span class=\"o\">=</span>x86_64-linux-gnu- --enable-shared --enable-linker-build-id --libexecdir<span class=\"o\">=</span>/usr/lib --without-included-gettext --enable-threads<span class=\"o\">=</span>posix --libdir<span class=\"o\">=</span>/usr/lib --enable-nls --with-sysroot<span class=\"o\">=</span>/ --enable-clocale<span class=\"o\">=</span>gnu --enable-libstdcxx-debug --enable-libstdcxx-time<span class=\"o\">=</span>yes --with-default-libstdcxx-abi<span class=\"o\">=</span>new --enable-gnu-unique-object --disable-vtable-verify --enable-libmpx --enable-plugin --enable-default-pie --with-system-zlib --with-target-system-zlib --enable-objc-gc<span class=\"o\">=</span>auto --enable-multiarch --disable-werror --with-arch-32<span class=\"o\">=</span>i686 --with-abi<span class=\"o\">=</span>m64 --with-multilib-list<span class=\"o\">=</span>m32,m64,mx32 --enable-multilib --with-tune<span class=\"o\">=</span>generic --enable-offload-targets<span class=\"o\">=</span>nvptx-none --without-cuda-driver --enable-checking<span class=\"o\">=</span>release --build<span class=\"o\">=</span>x86_64-linux-gnu --host<span class=\"o\">=</span>x86_64-linux-gnu --target<span class=\"o\">=</span>x86_64-linux-gnu\nThread model: posix\ngcc version <span class=\"m\">7</span>.3.0 <span class=\"o\">(</span>Ubuntu <span class=\"m\">7</span>.3.0-27ubuntu1~18.04<span class=\"o\">)</span> \n</pre></div>", "type": "rendered"}, "source": {"commit": {"hash": "d4c422c23865", "type": "commit", "links": {"self": {"href": "data/repositories/osrf/gazebo/commit/d4c422c23865.json"}, "html": {"href": "#!/osrf/gazebo/commits/d4c422c23865"}}}, "repository": {"links": {"self": {"href": "data/repositories/osrf/gazebo.json"}, "html": {"href": "#!/osrf/gazebo"}, "avatar": {"href": "data/bytebucket.org/ravatar/{51a0cd5d-8697-4eb1-8b08-e919ee881e1c}ts=1694483"}}, "type": "repository", "name": "gazebo", "full_name": "osrf/gazebo", "uuid": "{51a0cd5d-8697-4eb1-8b08-e919ee881e1c}"}, "branch": {"name": "fix_regression_test_build"}}, "comment_count": 2, "state": "MERGED", "task_count": 0, "participants": [{"role": "PARTICIPANT", "participated_on": "2018-12-05T20:47:59.656506+00:00", "type": "participant", "approved": true, "user": {"display_name": "Steve Peters", "uuid": "{2ccfed09-18b8-4921-8d58-15ef01092802}", "links": {"self": {"href": "https://api.bitbucket.org/2.0/users/%7B2ccfed09-18b8-4921-8d58-15ef01092802%7D"}, "html": {"href": "https://bitbucket.org/%7B2ccfed09-18b8-4921-8d58-15ef01092802%7D/"}, "avatar": {"href": "data/secure.gravatar.com/avatar/1fb4816dad9e68337d3096f750951f6cd=httpsavatar-management--avatars.us-west-2.prod.public.atl-paas.netinitialsSP-1.png"}}, "nickname": "Steven Peters", "type": "user", "account_id": "557058:5de38267-b118-494c-aa76-4fab35448816"}}, {"role": "PARTICIPANT", "participated_on": "2018-12-05T20:54:06.929002+00:00", "type": "participant", "approved": true, "user": {"display_name": "Nate Koenig", "uuid": "{c862cdd9-fcc8-4419-9fc7-e20db14b8fcb}", "links": {"self": {"href": "https://api.bitbucket.org/2.0/users/%7Bc862cdd9-fcc8-4419-9fc7-e20db14b8fcb%7D"}, "html": {"href": "https://bitbucket.org/%7Bc862cdd9-fcc8-4419-9fc7-e20db14b8fcb%7D/"}, "avatar": {"href": "https://avatar-management--avatars.us-west-2.prod.public.atl-paas.net/557058:095b1e12-74ed-4e20-b44f-2f0745b616e0/ca24bb11-4787-4b14-a20d-d91835e9bde2/128"}}, "nickname": "Nathan Koenig", "type": "user", "account_id": "557058:095b1e12-74ed-4e20-b44f-2f0745b616e0"}}, {"role": "PARTICIPANT", "participated_on": "2018-12-05T20:56:39.207574+00:00", "type": "participant", "approved": false, "user": {"display_name": "Louise Poubel", "uuid": "{5cfa2075-477b-4ded-bdb9-8d2479544ec4}", "links": {"self": {"href": "https://api.bitbucket.org/2.0/users/%7B5cfa2075-477b-4ded-bdb9-8d2479544ec4%7D"}, "html": {"href": "https://bitbucket.org/%7B5cfa2075-477b-4ded-bdb9-8d2479544ec4%7D/"}, "avatar": {"href": "https://avatar-management--avatars.us-west-2.prod.public.atl-paas.net/557058:6ff86fcb-b7ab-44a5-b8a6-f6d9cae8b6e8/7d903d90-c5ea-4182-b7ef-0d467e9e1c74/128"}}, "nickname": "chapulina", "type": "user", "account_id": "557058:6ff86fcb-b7ab-44a5-b8a6-f6d9cae8b6e8"}}], "reason": "", "updated_on": "2018-12-06T00:16:12.200882+00:00", "author": {"display_name": "Louise Poubel", "uuid": "{5cfa2075-477b-4ded-bdb9-8d2479544ec4}", "links": {"self": {"href": "https://api.bitbucket.org/2.0/users/%7B5cfa2075-477b-4ded-bdb9-8d2479544ec4%7D"}, "html": {"href": "https://bitbucket.org/%7B5cfa2075-477b-4ded-bdb9-8d2479544ec4%7D/"}, "avatar": {"href": "https://avatar-management--avatars.us-west-2.prod.public.atl-paas.net/557058:6ff86fcb-b7ab-44a5-b8a6-f6d9cae8b6e8/7d903d90-c5ea-4182-b7ef-0d467e9e1c74/128"}}, "nickname": "chapulina", "type": "user", "account_id": "557058:6ff86fcb-b7ab-44a5-b8a6-f6d9cae8b6e8"}, "merge_commit": {"hash": "6ffc1b7fcd15", "type": "commit", "links": {"self": {"href": "data/repositories/osrf/gazebo/commit/6ffc1b7fcd15.json"}, "html": {"href": "#!/osrf/gazebo/commits/6ffc1b7fcd15"}}}, "closed_by": {"display_name": "Louise Poubel", "uuid": "{5cfa2075-477b-4ded-bdb9-8d2479544ec4}", "links": {"self": {"href": "https://api.bitbucket.org/2.0/users/%7B5cfa2075-477b-4ded-bdb9-8d2479544ec4%7D"}, "html": {"href": "https://bitbucket.org/%7B5cfa2075-477b-4ded-bdb9-8d2479544ec4%7D/"}, "avatar": {"href": "https://avatar-management--avatars.us-west-2.prod.public.atl-paas.net/557058:6ff86fcb-b7ab-44a5-b8a6-f6d9cae8b6e8/7d903d90-c5ea-4182-b7ef-0d467e9e1c74/128"}}, "nickname": "chapulina", "type": "user", "account_id": "557058:6ff86fcb-b7ab-44a5-b8a6-f6d9cae8b6e8"}}