{"links": {"self": {"href": "data/repositories/osrf/gazebo/pullrequests/2695/comments/63324359.json"}, "html": {"href": "#!/osrf/gazebo/pull-requests/2695/_/diff#comment-63324359"}}, "deleted": false, "pullrequest": {"type": "pullrequest", "id": 2695, "links": {"self": {"href": "data/repositories/osrf/gazebo/pullrequests/2695.json"}, "html": {"href": "#!/osrf/gazebo/pull-requests/2695"}}, "title": "Contact sensor performance improvement"}, "content": {"raw": "INTEGRATION\\_contact\\_sensor is passing and the tests seem ok. But all sensor related tests are failing:  \n  \nMaybe it has something to do with my setup?  \n  \n\n```plaintext\n263/566 Test #263: UNIT_AltimeterSensor_TEST .............................***Exception: SegFault  1.48 sec\n        Start 264: check_UNIT_AltimeterSensor_TEST\n264/566 Test #264: check_UNIT_AltimeterSensor_TEST .......................***Failed    0.01 sec\n        Start 265: UNIT_ForceTorqueSensor_TEST\n265/566 Test #265: UNIT_ForceTorqueSensor_TEST ...........................***Exception: SegFault  1.39 sec\n        Start 266: check_UNIT_ForceTorqueSensor_TEST\n266/566 Test #266: check_UNIT_ForceTorqueSensor_TEST .....................***Failed    0.01 sec\n        Start 267: UNIT_GpsSensor_TEST\n267/566 Test #267: UNIT_GpsSensor_TEST ...................................***Exception: SegFault  1.48 sec\n        Start 268: check_UNIT_GpsSensor_TEST\n268/566 Test #268: check_UNIT_GpsSensor_TEST .............................***Failed    0.01 sec\n        Start 269: UNIT_ImuSensor_TEST\n269/566 Test #269: UNIT_ImuSensor_TEST ...................................***Exception: SegFault  1.49 sec\n        Start 270: check_UNIT_ImuSensor_TEST\n270/566 Test #270: check_UNIT_ImuSensor_TEST .............................***Failed    0.01 sec\n        Start 271: UNIT_MagnetometerSensor_TEST\n271/566 Test #271: UNIT_MagnetometerSensor_TEST ..........................***Exception: SegFault  1.51 sec\n        Start 272: check_UNIT_MagnetometerSensor_TEST\n272/566 Test #272: check_UNIT_MagnetometerSensor_TEST ....................***Failed    0.01 sec\n        Start 273: UNIT_RaySensor_TEST\n273/566 Test #273: UNIT_RaySensor_TEST ...................................***Exception: SegFault  1.39 sec\n        Start 274: check_UNIT_RaySensor_TEST\n274/566 Test #274: check_UNIT_RaySensor_TEST .............................***Failed    0.01 sec\n        Start 275: UNIT_Sensor_TEST\n275/566 Test #275: UNIT_Sensor_TEST ......................................***Exception: SegFault  1.05 sec\n        Start 276: check_UNIT_Sensor_TEST\n276/566 Test #276: check_UNIT_Sensor_TEST ................................***Failed    0.01 sec\n        Start 277: UNIT_SonarSensor_TEST\n277/566 Test #277: UNIT_SonarSensor_TEST .................................***Exception: SegFault  1.52 sec\n        Start 278: check_UNIT_SonarSensor_TEST\n278/566 Test #278: check_UNIT_SonarSensor_TEST ...........................***Failed    0.01 sec\n        Start 279: UNIT_WirelessReceiver_TEST\n279/566 Test #279: UNIT_WirelessReceiver_TEST ............................***Exception: SegFault  1.53 sec\n        Start 280: check_UNIT_WirelessReceiver_TEST\n280/566 Test #280: check_UNIT_WirelessReceiver_TEST ......................***Failed    0.01 sec\n        Start 281: UNIT_WirelessTransmitter_TEST\n281/566 Test #281: UNIT_WirelessTransmitter_TEST .........................***Exception: SegFault  1.62 sec\n        Start 282: check_UNIT_WirelessTransmitter_TEST\n282/566 Test #282: check_UNIT_WirelessTransmitter_TEST ...................***Failed    0.01 sec\n        Start 283: UNIT_CameraSensor_TEST\n283/566 Test #283: UNIT_CameraSensor_TEST ................................***Exception: SegFault168.72 sec\n        Start 284: check_UNIT_CameraSensor_TEST\n284/566 Test #284: check_UNIT_CameraSensor_TEST ..........................***Failed    0.01 sec\n        Start 285: UNIT_DepthCameraSensor_TEST\n285/566 Test #285: UNIT_DepthCameraSensor_TEST ...........................***Exception: SegFault  1.03 sec\n        Start 286: check_UNIT_DepthCameraSensor_TEST\n286/566 Test #286: check_UNIT_DepthCameraSensor_TEST .....................***Failed    0.01 sec\n        Start 287: UNIT_GpuRaySensor_TEST\n287/566 Test #287: UNIT_GpuRaySensor_TEST ................................***Exception: SegFault  1.04 sec\n        Start 288: check_UNIT_GpuRaySensor_TEST\n288/566 Test #288: check_UNIT_GpuRaySensor_TEST ..........................***Failed    0.01 sec\n        Start 289: UNIT_SensorManager_TEST\n289/566 Test #289: UNIT_SensorManager_TEST ...............................***Exception: SegFault  2.50 sec\n        Start 290: check_UNIT_SensorManager_TEST\n290/566 Test #290: check_UNIT_SensorManager_TEST .........................***Failed    0.01 sec\n```", "markup": "markdown", "html": "<p>INTEGRATION_contact_sensor is passing and the tests seem ok. But all sensor related tests are failing:  </p>\n<p>Maybe it has something to do with my setup?  </p>\n<div class=\"codehilite language-plaintext\"><pre><span></span>263/566 Test #263: UNIT_AltimeterSensor_TEST .............................***Exception: SegFault  1.48 sec\n        Start 264: check_UNIT_AltimeterSensor_TEST\n264/566 Test #264: check_UNIT_AltimeterSensor_TEST .......................***Failed    0.01 sec\n        Start 265: UNIT_ForceTorqueSensor_TEST\n265/566 Test #265: UNIT_ForceTorqueSensor_TEST ...........................***Exception: SegFault  1.39 sec\n        Start 266: check_UNIT_ForceTorqueSensor_TEST\n266/566 Test #266: check_UNIT_ForceTorqueSensor_TEST .....................***Failed    0.01 sec\n        Start 267: UNIT_GpsSensor_TEST\n267/566 Test #267: UNIT_GpsSensor_TEST ...................................***Exception: SegFault  1.48 sec\n        Start 268: check_UNIT_GpsSensor_TEST\n268/566 Test #268: check_UNIT_GpsSensor_TEST .............................***Failed    0.01 sec\n        Start 269: UNIT_ImuSensor_TEST\n269/566 Test #269: UNIT_ImuSensor_TEST ...................................***Exception: SegFault  1.49 sec\n        Start 270: check_UNIT_ImuSensor_TEST\n270/566 Test #270: check_UNIT_ImuSensor_TEST .............................***Failed    0.01 sec\n        Start 271: UNIT_MagnetometerSensor_TEST\n271/566 Test #271: UNIT_MagnetometerSensor_TEST ..........................***Exception: SegFault  1.51 sec\n        Start 272: check_UNIT_MagnetometerSensor_TEST\n272/566 Test #272: check_UNIT_MagnetometerSensor_TEST ....................***Failed    0.01 sec\n        Start 273: UNIT_RaySensor_TEST\n273/566 Test #273: UNIT_RaySensor_TEST ...................................***Exception: SegFault  1.39 sec\n        Start 274: check_UNIT_RaySensor_TEST\n274/566 Test #274: check_UNIT_RaySensor_TEST .............................***Failed    0.01 sec\n        Start 275: UNIT_Sensor_TEST\n275/566 Test #275: UNIT_Sensor_TEST ......................................***Exception: SegFault  1.05 sec\n        Start 276: check_UNIT_Sensor_TEST\n276/566 Test #276: check_UNIT_Sensor_TEST ................................***Failed    0.01 sec\n        Start 277: UNIT_SonarSensor_TEST\n277/566 Test #277: UNIT_SonarSensor_TEST .................................***Exception: SegFault  1.52 sec\n        Start 278: check_UNIT_SonarSensor_TEST\n278/566 Test #278: check_UNIT_SonarSensor_TEST ...........................***Failed    0.01 sec\n        Start 279: UNIT_WirelessReceiver_TEST\n279/566 Test #279: UNIT_WirelessReceiver_TEST ............................***Exception: SegFault  1.53 sec\n        Start 280: check_UNIT_WirelessReceiver_TEST\n280/566 Test #280: check_UNIT_WirelessReceiver_TEST ......................***Failed    0.01 sec\n        Start 281: UNIT_WirelessTransmitter_TEST\n281/566 Test #281: UNIT_WirelessTransmitter_TEST .........................***Exception: SegFault  1.62 sec\n        Start 282: check_UNIT_WirelessTransmitter_TEST\n282/566 Test #282: check_UNIT_WirelessTransmitter_TEST ...................***Failed    0.01 sec\n        Start 283: UNIT_CameraSensor_TEST\n283/566 Test #283: UNIT_CameraSensor_TEST ................................***Exception: SegFault168.72 sec\n        Start 284: check_UNIT_CameraSensor_TEST\n284/566 Test #284: check_UNIT_CameraSensor_TEST ..........................***Failed    0.01 sec\n        Start 285: UNIT_DepthCameraSensor_TEST\n285/566 Test #285: UNIT_DepthCameraSensor_TEST ...........................***Exception: SegFault  1.03 sec\n        Start 286: check_UNIT_DepthCameraSensor_TEST\n286/566 Test #286: check_UNIT_DepthCameraSensor_TEST .....................***Failed    0.01 sec\n        Start 287: UNIT_GpuRaySensor_TEST\n287/566 Test #287: UNIT_GpuRaySensor_TEST ................................***Exception: SegFault  1.04 sec\n        Start 288: check_UNIT_GpuRaySensor_TEST\n288/566 Test #288: check_UNIT_GpuRaySensor_TEST ..........................***Failed    0.01 sec\n        Start 289: UNIT_SensorManager_TEST\n289/566 Test #289: UNIT_SensorManager_TEST ...............................***Exception: SegFault  2.50 sec\n        Start 290: check_UNIT_SensorManager_TEST\n290/566 Test #290: check_UNIT_SensorManager_TEST .........................***Failed    0.01 sec\n</pre></div>", "type": "rendered"}, "created_on": "2018-05-03T20:40:00.202161+00:00", "user": {"display_name": "Javier Iv\u00e1n Choclin", "uuid": "{745acb37-6a3b-4169-8ba9-2c142a7408fb}", "links": {"self": {"href": "https://api.bitbucket.org/2.0/users/%7B745acb37-6a3b-4169-8ba9-2c142a7408fb%7D"}, "html": {"href": "https://bitbucket.org/%7B745acb37-6a3b-4169-8ba9-2c142a7408fb%7D/"}, "avatar": {"href": "https://avatar-management--avatars.us-west-2.prod.public.atl-paas.net/557058:2279399d-3c75-4e1e-b818-4fb8339b2939/26f5815d-5477-4106-ba9b-ac56ee23e175/128"}}, "nickname": "Javier Choclin", "type": "user", "account_id": "557058:2279399d-3c75-4e1e-b818-4fb8339b2939"}, "updated_on": "2018-05-03T20:40:00.209971+00:00", "type": "pullrequest_comment", "id": 63324359}