{"links": {"self": {"href": "data/repositories/osrf/gazebo/pullrequests/1573/comments/6066654.json"}, "html": {"href": "#!/osrf/gazebo/pull-requests/1573/_/diff#comment-6066654"}}, "deleted": false, "pullrequest": {"type": "pullrequest", "id": 1573, "links": {"self": {"href": "data/repositories/osrf/gazebo/pullrequests/1573.json"}, "html": {"href": "#!/osrf/gazebo/pull-requests/1573"}}, "title": "Use flags in example code CMakeLists.txt"}, "content": {"raw": "Test failures in REGRESSION_config-pkgconfig:\n\n```\n...\n                 from /home/jackie/code/gazebo/test/testfiles/hello_world.cc:18:\n/usr/include/c++/4.8/bits/c++0x_warning.h:32:2: error: #error This file requires compiler and library support for the ISO C++ 2011 standard. This support is currently experimental, and must be enabled with the -std=c++11 or -std=gnu++11 compiler options.\n #error This file requires compiler and library support for the \\\n  ^\nmake[2]: *** [CMakeFiles/hello_world.dir/home/jackie/code/gazebo/test/testfiles/hello_world.cc.o] Error 1\nmake[1]: *** [CMakeFiles/hello_world.dir/all] Error 2\nmake: *** [all] Error 2\n/home/jackie/code/gazebo/test/pkgconfig/config-pkgconfig.cc:27: Failure\nValue of: 0\nExpected: system(cmd)\nWhich is: 512\n[  FAILED  ] PkgConfig.Config (5056 ms)\n[ RUN      ] PkgConfig.CC\nIn file included from /usr/include/c++/4.8/cstdint:35:0,\n...\n                 from /home/jackie/code/gazebo/test/pkgconfig/plugin/../../testfiles/hello_world.cc:18:\n/usr/include/c++/4.8/bits/c++0x_warning.h:32:2: error: #error This file requires compiler and library support for the ISO C++ 2011 standard. This support is currently experimental, and must be enabled with the -std=c++11 or -std=gnu++11 compiler options.\n #error This file requires compiler and library support for the \\\n  ^\n/home/jackie/code/gazebo/test/pkgconfig/config-pkgconfig.cc:39: Failure\nValue of: 0\nExpected: system(cmd)\nWhich is: 256\n[  FAILED  ] PkgConfig.CC (4523 ms)\n[----------] 2 tests from PkgConfig (9579 ms total)\n\n[----------] Global test environment tear-down\n[==========] 2 tests from 1 test case ran. (9579 ms total)\n[  PASSED  ] 0 tests.\n[  FAILED  ] 2 tests, listed below:\n[  FAILED  ] PkgConfig.Config\n[  FAILED  ] PkgConfig.CC\n\n 2 FAILED TESTS\n```", "markup": "markdown", "html": "<p>Test failures in REGRESSION_config-pkgconfig:</p>\n<div class=\"codehilite\"><pre><span></span>...\n                 from /home/jackie/code/gazebo/test/testfiles/hello_world.cc:18:\n/usr/include/c++/4.8/bits/c++0x_warning.h:32:2: error: #error This file requires compiler and library support for the ISO C++ 2011 standard. This support is currently experimental, and must be enabled with the -std=c++11 or -std=gnu++11 compiler options.\n #error This file requires compiler and library support for the \\\n  ^\nmake[2]: *** [CMakeFiles/hello_world.dir/home/jackie/code/gazebo/test/testfiles/hello_world.cc.o] Error 1\nmake[1]: *** [CMakeFiles/hello_world.dir/all] Error 2\nmake: *** [all] Error 2\n/home/jackie/code/gazebo/test/pkgconfig/config-pkgconfig.cc:27: Failure\nValue of: 0\nExpected: system(cmd)\nWhich is: 512\n[  FAILED  ] PkgConfig.Config (5056 ms)\n[ RUN      ] PkgConfig.CC\nIn file included from /usr/include/c++/4.8/cstdint:35:0,\n...\n                 from /home/jackie/code/gazebo/test/pkgconfig/plugin/../../testfiles/hello_world.cc:18:\n/usr/include/c++/4.8/bits/c++0x_warning.h:32:2: error: #error This file requires compiler and library support for the ISO C++ 2011 standard. This support is currently experimental, and must be enabled with the -std=c++11 or -std=gnu++11 compiler options.\n #error This file requires compiler and library support for the \\\n  ^\n/home/jackie/code/gazebo/test/pkgconfig/config-pkgconfig.cc:39: Failure\nValue of: 0\nExpected: system(cmd)\nWhich is: 256\n[  FAILED  ] PkgConfig.CC (4523 ms)\n[----------] 2 tests from PkgConfig (9579 ms total)\n\n[----------] Global test environment tear-down\n[==========] 2 tests from 1 test case ran. (9579 ms total)\n[  PASSED  ] 0 tests.\n[  FAILED  ] 2 tests, listed below:\n[  FAILED  ] PkgConfig.Config\n[  FAILED  ] PkgConfig.CC\n\n 2 FAILED TESTS\n</pre></div>", "type": "rendered"}, "created_on": "2015-04-03T22:26:30.814173+00:00", "user": {"display_name": "Jackie K", "uuid": "{e3d60b62-b7c7-4863-b9b9-cdae9f123cec}", "links": {"self": {"href": "https://api.bitbucket.org/2.0/users/%7Be3d60b62-b7c7-4863-b9b9-cdae9f123cec%7D"}, "html": {"href": "https://bitbucket.org/%7Be3d60b62-b7c7-4863-b9b9-cdae9f123cec%7D/"}, "avatar": {"href": "data/secure.gravatar.com/avatar/ea011fa2919d4bd4568b32b440eda779d=httpsavatar-management--avatars.us-west-2.prod.public.atl-paas.netinitialsJK-0.png"}}, "nickname": "jacquelinekay", "type": "user", "account_id": "557058:f56c822f-f75c-4665-80f9-6e7764893b9c"}, "updated_on": "2015-04-03T22:27:55.868782+00:00", "type": "pullrequest_comment", "id": 6066654}