{"links": {"self": {"href": "data/repositories/osrf/gazebo/pullrequests/1970/comments/11356001.json"}, "html": {"href": "#!/osrf/gazebo/pull-requests/1970/_/diff#comment-11356001"}}, "parent": {"id": 11354905, "links": {"self": {"href": "data/repositories/osrf/gazebo/pullrequests/1970/comments/11354905.json"}, "html": {"href": "#!/osrf/gazebo/pull-requests/1970/_/diff#comment-11354905"}}}, "deleted": false, "pullrequest": {"type": "pullrequest", "id": 1970, "links": {"self": {"href": "data/repositories/osrf/gazebo/pullrequests/1970.json"}, "html": {"href": "#!/osrf/gazebo/pull-requests/1970"}}, "title": "issue936"}, "content": {"raw": "`JointController_TEST` failed:\n\n~~~\ntest 99\n        Start  99: UNIT_JointController_TEST\n\n99: Test command: /var/lib/jenkins/workspace/gazebo-any-devel-trusty-amd64-no-gpu/build/gazebo/physics/UNIT_JointController_TEST \"--gtest_output=xml:/var/lib/jenkins/workspace/gazebo-any-devel-trusty-amd64-no-gpu/build/test_results/UNIT_JointController_TEST.xml\"\n99: Test timeout computed to be: 240\n99: [==========] Running 3 tests from 1 test case.\n99: [----------] Global test environment set-up.\n99: [----------] 3 tests from JointControllerTest\n99: [ RUN      ] JointControllerTest.Construction\n99: [Err] [Entity.cc:70] No world set when constructing an Entity.\n99: [Wrn] [JointController.cc:55] Unable to get world name. JointController will not receive commands via messages\n99: [       OK ] JointControllerTest.Construction (1 ms)\n99: [ RUN      ] JointControllerTest.AddJoint\n99: [Err] [Entity.cc:70] No world set when constructing an Entity.\n99: [Wrn] [JointController.cc:55] Unable to get world name. JointController will not receive commands via messages\n99: \n 99/156 Test  #99: UNIT_JointController_TEST ..............***Exception: Other207.28 sec\ntest 100\n        Start 100: check_UNIT_JointController_TEST\n\n100: Test command: /var/lib/jenkins/workspace/gazebo-any-devel-trusty-amd64-no-gpu/gazebo/tools/check_test_ran.py \"/var/lib/jenkins/workspace/gazebo-any-devel-trusty-amd64-no-gpu/build/test_results/UNIT_JointController_TEST.xml\"\n100: Test timeout computed to be: 9.99988e+06\n100: Checking for test results in /var/lib/jenkins/workspace/gazebo-any-devel-trusty-amd64-no-gpu/build/test_results/UNIT_JointController_TEST.xml\n100: Cannot find results, writing failure results to /var/lib/jenkins/workspace/gazebo-any-devel-trusty-amd64-no-gpu/build/test_results/UNIT_JointController_TEST.xml\n100/156 Test #100: check_UNIT_JointController_TEST ........***Failed    0.07 sec\n~~~", "markup": "markdown", "html": "<p><code>JointController_TEST</code> failed:</p>\n<div class=\"codehilite\"><pre><span></span>test 99\n        Start  99: UNIT_JointController_TEST\n\n99: Test command: /var/lib/jenkins/workspace/gazebo-any-devel-trusty-amd64-no-gpu/build/gazebo/physics/UNIT_JointController_TEST &quot;--gtest_output=xml:/var/lib/jenkins/workspace/gazebo-any-devel-trusty-amd64-no-gpu/build/test_results/UNIT_JointController_TEST.xml&quot;\n99: Test timeout computed to be: 240\n99: [==========] Running 3 tests from 1 test case.\n99: [----------] Global test environment set-up.\n99: [----------] 3 tests from JointControllerTest\n99: [ RUN      ] JointControllerTest.Construction\n99: [Err] [Entity.cc:70] No world set when constructing an Entity.\n99: [Wrn] [JointController.cc:55] Unable to get world name. JointController will not receive commands via messages\n99: [       OK ] JointControllerTest.Construction (1 ms)\n99: [ RUN      ] JointControllerTest.AddJoint\n99: [Err] [Entity.cc:70] No world set when constructing an Entity.\n99: [Wrn] [JointController.cc:55] Unable to get world name. JointController will not receive commands via messages\n99: \n 99/156 Test  #99: UNIT_JointController_TEST ..............***Exception: Other207.28 sec\ntest 100\n        Start 100: check_UNIT_JointController_TEST\n\n100: Test command: /var/lib/jenkins/workspace/gazebo-any-devel-trusty-amd64-no-gpu/gazebo/tools/check_test_ran.py &quot;/var/lib/jenkins/workspace/gazebo-any-devel-trusty-amd64-no-gpu/build/test_results/UNIT_JointController_TEST.xml&quot;\n100: Test timeout computed to be: 9.99988e+06\n100: Checking for test results in /var/lib/jenkins/workspace/gazebo-any-devel-trusty-amd64-no-gpu/build/test_results/UNIT_JointController_TEST.xml\n100: Cannot find results, writing failure results to /var/lib/jenkins/workspace/gazebo-any-devel-trusty-amd64-no-gpu/build/test_results/UNIT_JointController_TEST.xml\n100/156 Test #100: check_UNIT_JointController_TEST ........***Failed    0.07 sec\n</pre></div>", "type": "rendered"}, "created_on": "2015-11-01T23:12:00.548511+00:00", "user": {"display_name": "Louise Poubel", "uuid": "{5cfa2075-477b-4ded-bdb9-8d2479544ec4}", "links": {"self": {"href": "https://api.bitbucket.org/2.0/users/%7B5cfa2075-477b-4ded-bdb9-8d2479544ec4%7D"}, "html": {"href": "https://bitbucket.org/%7B5cfa2075-477b-4ded-bdb9-8d2479544ec4%7D/"}, "avatar": {"href": "https://avatar-management--avatars.us-west-2.prod.public.atl-paas.net/557058:6ff86fcb-b7ab-44a5-b8a6-f6d9cae8b6e8/7d903d90-c5ea-4182-b7ef-0d467e9e1c74/128"}}, "nickname": "chapulina", "type": "user", "account_id": "557058:6ff86fcb-b7ab-44a5-b8a6-f6d9cae8b6e8"}, "updated_on": "2015-11-01T23:12:00.552611+00:00", "type": "pullrequest_comment", "id": 11356001}